[11/Dec/2022 10:32:25,448] /Users/radix-dev/PycharmProjects/dgu/MainPartSiteDGU/Students/urls.py changed, reloading. autoreload.py INFO
[11/Dec/2022 10:32:26,565] Watching for file changes with StatReloader autoreload.py INFO
[11/Dec/2022 10:32:28] [m"GET / HTTP/1.1" 200 17148[0m basehttp.py INFO
[11/Dec/2022 10:33:13,435] /Users/radix-dev/PycharmProjects/dgu/MainPartSiteDGU/Students/views.py changed, reloading. autoreload.py INFO
[11/Dec/2022 10:33:14,083] Watching for file changes with StatReloader autoreload.py INFO
[11/Dec/2022 10:33:18] [32m"GET /logout/ HTTP/1.1" 302 0[0m basehttp.py INFO
[11/Dec/2022 10:33:18] [m"GET /login/ HTTP/1.1" 200 13784[0m basehttp.py INFO
[11/Dec/2022 10:33:27] [32m"GET / HTTP/1.1" 302 0[0m basehttp.py INFO
[11/Dec/2022 10:33:27] [m"GET /login/?next=/ HTTP/1.1" 200 13791[0m basehttp.py INFO
[11/Dec/2022 10:33:31] [32m"POST /login/ HTTP/1.1" 302 0[0m basehttp.py INFO
[11/Dec/2022 10:33:31] [m"GET /list_students/ HTTP/1.1" 200 16968[0m basehttp.py INFO
[11/Dec/2022 10:33:31] [m"GET /media/photo/2022/10.17/%D0%A1%D0%BD%D0%B8%D0%BC%D0%BE%D0%BA_%D1%8D%D0%BA%D1%80%D0%B0%D0%BD%D0%B0_2022-08-16_%D0%B2_14.56.56.png HTTP/1.1" 200 288574[0m basehttp.py INFO
[11/Dec/2022 10:33:31] [m"GET /media/photo/2022/10.17/%D0%A1%D0%BD%D0%B8%D0%BC%D0%BE%D0%BA_%D1%8D%D0%BA%D1%80%D0%B0%D0%BD%D0%B0_2022-08-12_%D0%B2_16.29.39.png HTTP/1.1" 200 6052[0m basehttp.py INFO
[11/Dec/2022 10:33:31] [m"GET /media/photo/2022/10.17/%D0%A1%D0%BD%D0%B8%D0%BC%D0%BE%D0%BA_%D1%8D%D0%BA%D1%80%D0%B0%D0%BD%D0%B0_2022-08-16_%D0%B2_14.56.39.png HTTP/1.1" 200 282542[0m basehttp.py INFO
[11/Dec/2022 10:33:31] [m"GET /media/photo/2022/10.17/LWScreenShot_2022-09-02_at_17.30.40.png HTTP/1.1" 200 23927349[0m basehttp.py INFO
[11/Dec/2022 10:33:37] [m"POST /list_students/ HTTP/1.1" 200 14922[0m basehttp.py INFO
[11/Dec/2022 11:29:16,413] [33mNot Found: /favicon.ico[0m log.py WARNING
[11/Dec/2022 11:29:16] [33m"GET /favicon.ico HTTP/1.1" 404 15883[0m basehttp.py WARNING
[11/Dec/2022 12:11:38] [m"POST /list_students/ HTTP/1.1" 200 16968[0m basehttp.py INFO
[11/Dec/2022 12:11:39] [m"GET /media/photo/2022/10.17/LWScreenShot_2022-09-02_at_17.30.40.png HTTP/1.1" 200 23927349[0m basehttp.py INFO
[11/Dec/2022 12:13:12] [m"GET /list_students/?page=1 HTTP/1.1" 200 16975[0m basehttp.py INFO
[11/Dec/2022 12:14:13] [m"GET /create_events/ HTTP/1.1" 200 15309[0m basehttp.py INFO
[11/Dec/2022 12:14:15] [m"GET / HTTP/1.1" 200 17148[0m basehttp.py INFO
[11/Dec/2022 12:14:15] [m"GET /media/Events/2022/10.13/%D0%A1%D0%BD%D0%B8%D0%BC%D0%BE%D0%BA_%D1%8D%D0%BA%D1%80%D0%B0%D0%BD%D0%B0_2022-08-16_%D0%B2_14.56.56_WAty4Ft.png HTTP/1.1" 200 288574[0m basehttp.py INFO
[11/Dec/2022 12:14:15] [m"GET /media/Events/2022/10.13/%D0%A1%D0%BD%D0%B8%D0%BC%D0%BE%D0%BA_%D1%8D%D0%BA%D1%80%D0%B0%D0%BD%D0%B0_2022-08-16_%D0%B2_14.56.56_hYLxXrv.png HTTP/1.1" 200 288574[0m basehttp.py INFO
[11/Dec/2022 12:14:15] [m"GET /media/Events/2022/10.17/%D0%A1%D0%BD%D0%B8%D0%BC%D0%BE%D0%BA_%D1%8D%D0%BA%D1%80%D0%B0%D0%BD%D0%B0_2022-08-16_%D0%B2_14.56.39.png HTTP/1.1" 200 282542[0m basehttp.py INFO
[11/Dec/2022 12:14:15] [m"GET /media/Events/2022/10.13/%D0%A1%D0%BD%D0%B8%D0%BC%D0%BE%D0%BA_%D1%8D%D0%BA%D1%80%D0%B0%D0%BD%D0%B0_2022-08-16_%D0%B2_14.56.56_Cnp9lwP.png HTTP/1.1" 200 288574[0m basehttp.py INFO
[11/Dec/2022 12:14:18] [m"GET / HTTP/1.1" 200 17148[0m basehttp.py INFO
[11/Dec/2022 12:14:20] [m"GET /create_events/ HTTP/1.1" 200 15309[0m basehttp.py INFO
[11/Dec/2022 12:14:22] [m"GET / HTTP/1.1" 200 17148[0m basehttp.py INFO
[11/Dec/2022 12:14:28] [m"GET /detail_events/4/ HTTP/1.1" 200 15444[0m basehttp.py INFO
[11/Dec/2022 12:14:41] [m"GET /create_events/ HTTP/1.1" 200 15309[0m basehttp.py INFO
[11/Dec/2022 12:14:45] [m"GET / HTTP/1.1" 200 17148[0m basehttp.py INFO
[11/Dec/2022 12:14:56] [m"GET /create_events/ HTTP/1.1" 200 15309[0m basehttp.py INFO
[11/Dec/2022 12:14:58] [m"GET /list_students/ HTTP/1.1" 200 16968[0m basehttp.py INFO
[11/Dec/2022 12:15:11] [m"GET /detail_student/2/ HTTP/1.1" 200 17933[0m basehttp.py INFO
[11/Dec/2022 12:15:11] [m"GET /media/default_img/default.png HTTP/1.1" 200 328529[0m basehttp.py INFO
[11/Dec/2022 12:15:22] [m"GET /type_reg_student/ HTTP/1.1" 200 13848[0m basehttp.py INFO
[03/Mar/2023 14:34:18,157] Watching for file changes with StatReloader autoreload.py INFO
[03/Mar/2023 14:34:20] [32m"GET / HTTP/1.1" 302 0[0m basehttp.py INFO
[03/Mar/2023 14:34:20] [m"GET /login/?next=/ HTTP/1.1" 200 13791[0m basehttp.py INFO
[03/Mar/2023 14:34:20] [m"GET /static/css/style.css HTTP/1.1" 200 1895[0m basehttp.py INFO
[03/Mar/2023 14:34:20] [m"GET /static/debug_toolbar/css/toolbar.css HTTP/1.1" 200 11815[0m basehttp.py INFO
[03/Mar/2023 14:34:20] [m"GET /static/debug_toolbar/js/toolbar.js HTTP/1.1" 200 12222[0m basehttp.py INFO
[03/Mar/2023 14:34:20] [m"GET /static/debug_toolbar/css/print.css HTTP/1.1" 200 43[0m basehttp.py INFO
[03/Mar/2023 14:34:20] [m"GET /static/icon/logo.png HTTP/1.1" 200 513410[0m basehttp.py INFO
[03/Mar/2023 14:34:20] [m"GET /static/debug_toolbar/js/utils.js HTTP/1.1" 200 4479[0m basehttp.py INFO
[03/Mar/2023 14:34:22,085] [33mNot Found: /favicon.ico[0m log.py WARNING
[03/Mar/2023 14:34:22] [33m"GET /favicon.ico HTTP/1.1" 404 15881[0m basehttp.py WARNING
[03/Mar/2023 14:34:26] [32m"POST /login/ HTTP/1.1" 302 0[0m basehttp.py INFO
[03/Mar/2023 14:34:26] [m"GET /list_students/ HTTP/1.1" 200 16968[0m basehttp.py INFO
[03/Mar/2023 14:34:26] [m"GET /media/photo/2022/10.17/%D0%A1%D0%BD%D0%B8%D0%BC%D0%BE%D0%BA_%D1%8D%D0%BA%D1%80%D0%B0%D0%BD%D0%B0_2022-08-12_%D0%B2_16.29.39.png HTTP/1.1" 200 6052[0m basehttp.py INFO
[03/Mar/2023 14:34:26] [m"GET /media/photo/2022/10.17/%D0%A1%D0%BD%D0%B8%D0%BC%D0%BE%D0%BA_%D1%8D%D0%BA%D1%80%D0%B0%D0%BD%D0%B0_2022-08-16_%D0%B2_14.56.39.png HTTP/1.1" 200 282542[0m basehttp.py INFO
[03/Mar/2023 14:34:26] [m"GET /media/photo/2022/10.17/%D0%A1%D0%BD%D0%B8%D0%BC%D0%BE%D0%BA_%D1%8D%D0%BA%D1%80%D0%B0%D0%BD%D0%B0_2022-08-16_%D0%B2_14.56.56.png HTTP/1.1" 200 288574[0m basehttp.py INFO
[03/Mar/2023 14:34:26] [m"GET /media/photo/2022/10.17/LWScreenShot_2022-09-02_at_17.30.40.png HTTP/1.1" 200 23927349[0m basehttp.py INFO
[03/Mar/2023 14:34:28] [m"GET /list_students/ HTTP/1.1" 200 16968[0m basehttp.py INFO
[03/Mar/2023 14:34:31] [m"GET /create_events/ HTTP/1.1" 200 15309[0m basehttp.py INFO
[03/Mar/2023 14:34:33] [m"GET / HTTP/1.1" 200 17148[0m basehttp.py INFO
[03/Mar/2023 14:34:33] [m"GET /media/Events/2022/10.13/%D0%A1%D0%BD%D0%B8%D0%BC%D0%BE%D0%BA_%D1%8D%D0%BA%D1%80%D0%B0%D0%BD%D0%B0_2022-08-16_%D0%B2_14.56.56_Cnp9lwP.png HTTP/1.1" 200 288574[0m basehttp.py INFO
[03/Mar/2023 14:34:33] [m"GET /media/Events/2022/10.13/%D0%A1%D0%BD%D0%B8%D0%BC%D0%BE%D0%BA_%D1%8D%D0%BA%D1%80%D0%B0%D0%BD%D0%B0_2022-08-16_%D0%B2_14.56.56_hYLxXrv.png HTTP/1.1" 200 288574[0m basehttp.py INFO
[03/Mar/2023 14:34:33] [m"GET /media/Events/2022/10.13/%D0%A1%D0%BD%D0%B8%D0%BC%D0%BE%D0%BA_%D1%8D%D0%BA%D1%80%D0%B0%D0%BD%D0%B0_2022-08-16_%D0%B2_14.56.56_WAty4Ft.png HTTP/1.1" 200 288574[0m basehttp.py INFO
[03/Mar/2023 14:34:33] [m"GET /media/Events/2022/10.17/%D0%A1%D0%BD%D0%B8%D0%BC%D0%BE%D0%BA_%D1%8D%D0%BA%D1%80%D0%B0%D0%BD%D0%B0_2022-08-16_%D0%B2_14.56.39.png HTTP/1.1" 200 282542[0m basehttp.py INFO
[03/Mar/2023 14:34:34] [m"GET /list_students/ HTTP/1.1" 200 16968[0m basehttp.py INFO
[03/Mar/2023 14:35:19] [m"GET /api/list_students/ HTTP/1.1" 200 17378[0m basehttp.py INFO
[03/Mar/2023 14:35:19] [m"GET /static/rest_framework/css/bootstrap.min.css HTTP/1.1" 200 121457[0m basehttp.py INFO
[03/Mar/2023 14:35:19] [m"GET /static/rest_framework/css/bootstrap-tweaks.css HTTP/1.1" 200 3385[0m basehttp.py INFO
[03/Mar/2023 14:35:19] [m"GET /static/rest_framework/css/prettify.css HTTP/1.1" 200 817[0m basehttp.py INFO
[03/Mar/2023 14:35:19] [m"GET /static/rest_framework/css/default.css HTTP/1.1" 200 1152[0m basehttp.py INFO
[03/Mar/2023 14:35:19] [m"GET /static/rest_framework/js/jquery-3.5.1.min.js HTTP/1.1" 200 89476[0m basehttp.py INFO
[03/Mar/2023 14:35:19] [m"GET /static/rest_framework/js/ajax-form.js HTTP/1.1" 200 3597[0m basehttp.py INFO
[03/Mar/2023 14:35:19] [m"GET /static/rest_framework/js/csrf.js HTTP/1.1" 200 1719[0m basehttp.py INFO
[03/Mar/2023 14:35:19] [m"GET /static/rest_framework/js/prettify-min.js HTTP/1.1" 200 13632[0m basehttp.py INFO
[03/Mar/2023 14:35:19] [m"GET /static/rest_framework/js/bootstrap.min.js HTTP/1.1" 200 39680[0m basehttp.py INFO
[03/Mar/2023 14:35:19] [m"GET /static/rest_framework/js/default.js HTTP/1.1" 200 1268[0m basehttp.py INFO
[03/Mar/2023 14:35:19] [m"GET /static/rest_framework/img/grid.png HTTP/1.1" 200 1458[0m basehttp.py INFO
[03/Mar/2023 14:38:17,514] /Users/radix-dev/PycharmProjects/dgu/MainPartSiteDGU/Api/views.py changed, reloading. autoreload.py INFO
[03/Mar/2023 14:38:18,194] Watching for file changes with StatReloader autoreload.py INFO
[03/Mar/2023 14:38:22,209] /Users/radix-dev/PycharmProjects/dgu/MainPartSiteDGU/Api/views.py changed, reloading. autoreload.py INFO
[03/Mar/2023 14:38:22,673] Watching for file changes with StatReloader autoreload.py INFO
[03/Mar/2023 14:38:25] [m"GET /api/list_students/ HTTP/1.1" 200 17768[0m basehttp.py INFO
[03/Mar/2023 14:38:29] [m"GET /api/list_students/?page=2 HTTP/1.1" 200 17826[0m basehttp.py INFO
[03/Mar/2023 14:38:32] [m"GET /api/list_students/ HTTP/1.1" 200 17766[0m basehttp.py INFO
[03/Mar/2023 14:38:34] [m"GET /api/list_students/?page=2 HTTP/1.1" 200 17826[0m basehttp.py INFO
[03/Mar/2023 14:39:01,253] /Users/radix-dev/PycharmProjects/dgu/MainPartSiteDGU/Api/views.py changed, reloading. autoreload.py INFO
[03/Mar/2023 14:39:02,744] Watching for file changes with StatReloader autoreload.py INFO
[03/Mar/2023 14:39:13,545] /Users/radix-dev/PycharmProjects/dgu/MainPartSiteDGU/Api/views.py changed, reloading. autoreload.py INFO
[03/Mar/2023 14:39:14,260] Watching for file changes with StatReloader autoreload.py INFO
[03/Mar/2023 14:39:25] [m"GET /api/list_students/?page=2&size=1 HTTP/1.1" 200 17979[0m basehttp.py INFO
[03/Mar/2023 14:39:28] [m"GET /api/list_students/?size=1 HTTP/1.1" 200 17879[0m basehttp.py INFO
[03/Mar/2023 14:39:29] [m"GET /api/list_students/?page=2&size=1 HTTP/1.1" 200 17977[0m basehttp.py INFO
[03/Mar/2023 14:39:30] [m"GET /api/list_students/?page=3&size=1 HTTP/1.1" 200 17993[0m basehttp.py INFO
[03/Mar/2023 14:39:30] [m"GET /api/list_students/?page=4&size=1 HTTP/1.1" 200 17957[0m basehttp.py INFO
[03/Mar/2023 14:39:35,207] [33mNot Found: /api/list_students/[0m log.py WARNING
[03/Mar/2023 14:39:35] [33m"GET /api/list_students/?page=4 HTTP/1.1" 404 16621[0m basehttp.py WARNING
[03/Mar/2023 14:39:41] [m"GET /api/list_students/ HTTP/1.1" 200 17766[0m basehttp.py INFO
[03/Mar/2023 14:39:44] [m"GET /api/list_students/?page=2 HTTP/1.1" 200 17826[0m basehttp.py INFO
[03/Mar/2023 14:39:45] [m"GET /api/list_students/ HTTP/1.1" 200 17766[0m basehttp.py INFO
[03/Mar/2023 14:39:49] [m"GET /api/list_students/?page=2 HTTP/1.1" 200 17826[0m basehttp.py INFO
[03/Mar/2023 14:39:52] [m"GET /api/list_students/?page=2 HTTP/1.1" 200 17826[0m basehttp.py INFO
[03/Mar/2023 14:40:00,216] [33mNot Found: /api/list_students/[0m log.py WARNING
[03/Mar/2023 14:40:00] [33m"GET /api/list_students/?page=3 HTTP/1.1" 404 16621[0m basehttp.py WARNING
[03/Mar/2023 14:40:02] [m"GET /api/list_students/?page=2 HTTP/1.1" 200 17826[0m basehttp.py INFO
[03/Mar/2023 14:41:07,966] /Users/radix-dev/PycharmProjects/dgu/MainPartSiteDGU/Api/views.py changed, reloading. autoreload.py INFO
[03/Mar/2023 14:41:08,737] Watching for file changes with StatReloader autoreload.py INFO
[03/Mar/2023 14:41:12,690] [35;1mInternal Server Error: /api/list_students/[0m log.py ERROR
Traceback (most recent call last):
  File "/Users/radix-dev/PycharmProjects/dgu/venv/lib/python3.10/site-packages/django/core/handlers/exception.py", line 47, in inner
    response = get_response(request)
  File "/Users/radix-dev/PycharmProjects/dgu/venv/lib/python3.10/site-packages/django/core/handlers/base.py", line 204, in _get_response
    response = response.render()
  File "/Users/radix-dev/PycharmProjects/dgu/venv/lib/python3.10/site-packages/django/template/response.py", line 105, in render
    self.content = self.rendered_content
  File "/Users/radix-dev/PycharmProjects/dgu/venv/lib/python3.10/site-packages/rest_framework/response.py", line 70, in rendered_content
    ret = renderer.render(self.data, accepted_media_type, context)
  File "/Users/radix-dev/PycharmProjects/dgu/venv/lib/python3.10/site-packages/rest_framework/renderers.py", line 724, in render
    context = self.get_context(data, accepted_media_type, renderer_context)
  File "/Users/radix-dev/PycharmProjects/dgu/venv/lib/python3.10/site-packages/rest_framework/renderers.py", line 680, in get_context
    'content': self.get_content(renderer, data, accepted_media_type, renderer_context),
  File "/Users/radix-dev/PycharmProjects/dgu/venv/lib/python3.10/site-packages/rest_framework/renderers.py", line 413, in get_content
    content = renderer.render(data, accepted_media_type, renderer_context)
  File "/Users/radix-dev/PycharmProjects/dgu/venv/lib/python3.10/site-packages/rest_framework/renderers.py", line 100, in render
    ret = json.dumps(
  File "/Users/radix-dev/PycharmProjects/dgu/venv/lib/python3.10/site-packages/rest_framework/utils/json.py", line 25, in dumps
    return json.dumps(*args, **kwargs)
  File "/Library/Frameworks/Python.framework/Versions/3.10/lib/python3.10/json/__init__.py", line 238, in dumps
    **kw).encode(obj)
  File "/Library/Frameworks/Python.framework/Versions/3.10/lib/python3.10/json/encoder.py", line 201, in encode
    chunks = list(chunks)
  File "/Library/Frameworks/Python.framework/Versions/3.10/lib/python3.10/json/encoder.py", line 438, in _iterencode
    o = _default(o)
  File "/Users/radix-dev/PycharmProjects/dgu/venv/lib/python3.10/site-packages/rest_framework/utils/encoders.py", line 67, in default
    return super().default(obj)
  File "/Library/Frameworks/Python.framework/Versions/3.10/lib/python3.10/json/encoder.py", line 179, in default
    raise TypeError(f'Object of type {o.__class__.__name__} '
TypeError: Object of type Response is not JSON serializable
[03/Mar/2023 14:41:12] [35;1m"GET /api/list_students/?page=2 HTTP/1.1" 500 129088[0m basehttp.py ERROR
[03/Mar/2023 14:41:49,841] /Users/radix-dev/PycharmProjects/dgu/MainPartSiteDGU/Api/views.py changed, reloading. autoreload.py INFO
[03/Mar/2023 14:41:51,115] Watching for file changes with StatReloader autoreload.py INFO
[03/Mar/2023 14:42:04,053] /Users/radix-dev/PycharmProjects/dgu/MainPartSiteDGU/Api/views.py changed, reloading. autoreload.py INFO
[03/Mar/2023 14:42:04,852] Watching for file changes with StatReloader autoreload.py INFO
[03/Mar/2023 14:42:14,341] /Users/radix-dev/PycharmProjects/dgu/MainPartSiteDGU/Api/views.py changed, reloading. autoreload.py INFO
[03/Mar/2023 14:42:14,868] Watching for file changes with StatReloader autoreload.py INFO
[03/Mar/2023 14:42:16] [m"GET /api/list_students/?page=2 HTTP/1.1" 200 17828[0m basehttp.py INFO
[03/Mar/2023 14:42:23,217] /Users/radix-dev/PycharmProjects/dgu/MainPartSiteDGU/Api/views.py changed, reloading. autoreload.py INFO
[03/Mar/2023 14:42:23,640] Watching for file changes with StatReloader autoreload.py INFO
[03/Mar/2023 14:42:25] [m"GET /api/list_students/?page=2 HTTP/1.1" 200 18006[0m basehttp.py INFO
[03/Mar/2023 14:42:27] [m"GET /api/list_students/ HTTP/1.1" 200 17958[0m basehttp.py INFO
[03/Mar/2023 14:42:28] [m"GET /api/list_students/?page=2 HTTP/1.1" 200 18004[0m basehttp.py INFO
[03/Mar/2023 15:38:48,002] [33mNot Found: /favicon.ico[0m log.py WARNING
[03/Mar/2023 15:38:48] [33m"GET /favicon.ico HTTP/1.1" 404 15881[0m basehttp.py WARNING
[06/Mar/2023 09:17:50,852] Watching for file changes with StatReloader autoreload.py INFO
[06/Mar/2023 09:18:29] [m"GET /api/list_students/?page=2 HTTP/1.1" 200 18006[0m basehttp.py INFO
[06/Mar/2023 09:18:29] [m"GET /static/rest_framework/css/bootstrap-tweaks.css HTTP/1.1" 200 3385[0m basehttp.py INFO
[06/Mar/2023 09:18:29] [m"GET /static/rest_framework/js/jquery-3.5.1.min.js HTTP/1.1" 200 89476[0m basehttp.py INFO
[06/Mar/2023 09:18:29] [m"GET /static/rest_framework/js/ajax-form.js HTTP/1.1" 200 3597[0m basehttp.py INFO
[06/Mar/2023 09:18:29] [m"GET /static/rest_framework/css/bootstrap.min.css HTTP/1.1" 200 121457[0m basehttp.py INFO
[06/Mar/2023 09:18:29] [m"GET /static/rest_framework/js/csrf.js HTTP/1.1" 200 1719[0m basehttp.py INFO
[06/Mar/2023 09:18:29] [m"GET /static/debug_toolbar/css/toolbar.css HTTP/1.1" 200 11815[0m basehttp.py INFO
[06/Mar/2023 09:18:29] [m"GET /static/rest_framework/js/bootstrap.min.js HTTP/1.1" 200 39680[0m basehttp.py INFO
[06/Mar/2023 09:18:29] [m"GET /static/rest_framework/js/prettify-min.js HTTP/1.1" 200 13632[0m basehttp.py INFO
[06/Mar/2023 09:18:29] [m"GET /static/debug_toolbar/js/toolbar.js HTTP/1.1" 200 12222[0m basehttp.py INFO
[06/Mar/2023 09:18:29] [m"GET /static/rest_framework/img/grid.png HTTP/1.1" 200 1458[0m basehttp.py INFO
[06/Mar/2023 09:18:29] [m"GET /static/debug_toolbar/js/utils.js HTTP/1.1" 200 4479[0m basehttp.py INFO
[06/Mar/2023 09:18:46] [m"GET /api/list_students/?page=2 HTTP/1.1" 200 18004[0m basehttp.py INFO
[06/Mar/2023 09:18:47,039] /Users/radix-dev/PycharmProjects/dgu/MainPartSiteDGU/Api/views.py changed, reloading. autoreload.py INFO
[06/Mar/2023 09:18:48,467] Watching for file changes with StatReloader autoreload.py INFO
[06/Mar/2023 09:18:49] [m"GET /api/list_students/?page=2 HTTP/1.1" 200 17828[0m basehttp.py INFO
[06/Mar/2023 09:18:57] [m"GET /api/list_students/?page=2 HTTP/1.1" 200 17826[0m basehttp.py INFO
[06/Mar/2023 09:18:58,239] /Users/radix-dev/PycharmProjects/dgu/MainPartSiteDGU/Api/views.py changed, reloading. autoreload.py INFO
[06/Mar/2023 09:18:59,480] Watching for file changes with StatReloader autoreload.py INFO
[06/Mar/2023 09:19:03] [m"GET /api/list_students/?page=2 HTTP/1.1" 200 18006[0m basehttp.py INFO
[06/Mar/2023 09:19:09] [m"GET /api/list_students/ HTTP/1.1" 200 17958[0m basehttp.py INFO
[06/Mar/2023 09:20:03,608] /Users/radix-dev/PycharmProjects/dgu/MainPartSiteDGU/Api/views.py changed, reloading. autoreload.py INFO
[06/Mar/2023 09:20:04,612] Watching for file changes with StatReloader autoreload.py INFO
[06/Mar/2023 09:20:05] [m"GET / HTTP/1.1" 200 17148[0m basehttp.py INFO
[06/Mar/2023 09:20:05] [m"GET /static/css/style.css HTTP/1.1" 200 1895[0m basehttp.py INFO
[06/Mar/2023 09:20:05] [m"GET /static/icon/logo.png HTTP/1.1" 200 513410[0m basehttp.py INFO
[06/Mar/2023 09:20:05] [m"GET /media/Events/2022/10.13/%D0%A1%D0%BD%D0%B8%D0%BC%D0%BE%D0%BA_%D1%8D%D0%BA%D1%80%D0%B0%D0%BD%D0%B0_2022-08-16_%D0%B2_14.56.56_hYLxXrv.png HTTP/1.1" 200 288574[0m basehttp.py INFO
[06/Mar/2023 09:20:05] [m"GET /media/Events/2022/10.13/%D0%A1%D0%BD%D0%B8%D0%BC%D0%BE%D0%BA_%D1%8D%D0%BA%D1%80%D0%B0%D0%BD%D0%B0_2022-08-16_%D0%B2_14.56.56_Cnp9lwP.png HTTP/1.1" 200 288574[0m basehttp.py INFO
[06/Mar/2023 09:20:05] [m"GET /media/Events/2022/10.13/%D0%A1%D0%BD%D0%B8%D0%BC%D0%BE%D0%BA_%D1%8D%D0%BA%D1%80%D0%B0%D0%BD%D0%B0_2022-08-16_%D0%B2_14.56.56_WAty4Ft.png HTTP/1.1" 200 288574[0m basehttp.py INFO
[06/Mar/2023 09:20:05] [m"GET /media/Events/2022/10.17/%D0%A1%D0%BD%D0%B8%D0%BC%D0%BE%D0%BA_%D1%8D%D0%BA%D1%80%D0%B0%D0%BD%D0%B0_2022-08-16_%D0%B2_14.56.39.png HTTP/1.1" 200 282542[0m basehttp.py INFO
[06/Mar/2023 09:20:11] [32m"GET /admin HTTP/1.1" 301 0[0m basehttp.py INFO
[06/Mar/2023 09:20:11] [m"GET /admin/ HTTP/1.1" 200 19821[0m basehttp.py INFO
[06/Mar/2023 09:20:11] [m"GET /static/admin/css/base.css HTTP/1.1" 200 19513[0m basehttp.py INFO
[06/Mar/2023 09:20:11] [m"GET /static/admin/css/nav_sidebar.css HTTP/1.1" 200 2616[0m basehttp.py INFO
[06/Mar/2023 09:20:11] [m"GET /static/admin/css/responsive.css HTTP/1.1" 200 18545[0m basehttp.py INFO
[06/Mar/2023 09:20:11] [m"GET /static/admin/js/nav_sidebar.js HTTP/1.1" 200 3401[0m basehttp.py INFO
[06/Mar/2023 09:20:11] [m"GET /static/admin/css/dashboard.css HTTP/1.1" 200 380[0m basehttp.py INFO
[06/Mar/2023 09:20:11] [m"GET /static/admin/css/fonts.css HTTP/1.1" 200 423[0m basehttp.py INFO
[06/Mar/2023 09:20:11] [m"GET /static/admin/img/icon-addlink.svg HTTP/1.1" 200 331[0m basehttp.py INFO
[06/Mar/2023 09:20:11] [m"GET /static/admin/img/icon-changelink.svg HTTP/1.1" 200 380[0m basehttp.py INFO
[06/Mar/2023 09:20:11] [m"GET /static/admin/img/icon-deletelink.svg HTTP/1.1" 200 392[0m basehttp.py INFO
[06/Mar/2023 09:20:11] [m"GET /static/admin/fonts/Roboto-Light-webfont.woff HTTP/1.1" 200 85692[0m basehttp.py INFO
[06/Mar/2023 09:20:11] [m"GET /static/admin/fonts/Roboto-Bold-webfont.woff HTTP/1.1" 200 86184[0m basehttp.py INFO
[06/Mar/2023 09:20:11] [m"GET /static/admin/fonts/Roboto-Regular-webfont.woff HTTP/1.1" 200 85876[0m basehttp.py INFO
[06/Mar/2023 09:20:20] [m"GET /admin/Students/customuser/ HTTP/1.1" 200 20489[0m basehttp.py INFO
[06/Mar/2023 09:20:20] [m"GET /static/admin/js/jquery.init.js HTTP/1.1" 200 347[0m basehttp.py INFO
[06/Mar/2023 09:20:20] [m"GET /static/admin/css/changelists.css HTTP/1.1" 200 6932[0m basehttp.py INFO
[06/Mar/2023 09:20:20] [m"GET /admin/jsi18n/ HTTP/1.1" 200 15618[0m basehttp.py INFO
[06/Mar/2023 09:20:20] [m"GET /static/admin/js/actions.js HTTP/1.1" 200 7872[0m basehttp.py INFO
[06/Mar/2023 09:20:20] [m"GET /static/admin/js/core.js HTTP/1.1" 200 5698[0m basehttp.py INFO
[06/Mar/2023 09:20:20] [m"GET /static/admin/js/admin/RelatedObjectLookups.js HTTP/1.1" 200 5984[0m basehttp.py INFO
[06/Mar/2023 09:20:20] [m"GET /static/admin/js/prepopulate.js HTTP/1.1" 200 1531[0m basehttp.py INFO
[06/Mar/2023 09:20:20] [m"GET /static/admin/js/urlify.js HTTP/1.1" 200 7902[0m basehttp.py INFO
[06/Mar/2023 09:20:20] [m"GET /static/admin/js/vendor/jquery/jquery.js HTTP/1.1" 200 288580[0m basehttp.py INFO
[06/Mar/2023 09:20:20] [m"GET /static/admin/js/vendor/xregexp/xregexp.js HTTP/1.1" 200 232381[0m basehttp.py INFO
[06/Mar/2023 09:20:20] [m"GET /static/admin/img/icon-yes.svg HTTP/1.1" 200 436[0m basehttp.py INFO
[06/Mar/2023 09:20:20] [m"GET /static/admin/img/tooltag-add.svg HTTP/1.1" 200 331[0m basehttp.py INFO
[06/Mar/2023 09:20:23] [m"GET /admin/Students/customuser/1/change/ HTTP/1.1" 200 31777[0m basehttp.py INFO
[06/Mar/2023 09:20:23] [m"GET /static/admin/css/forms.css HTTP/1.1" 200 8835[0m basehttp.py INFO
[06/Mar/2023 09:20:23] [m"GET /static/admin/js/calendar.js HTTP/1.1" 200 8466[0m basehttp.py INFO
[06/Mar/2023 09:20:23] [m"GET /static/admin/js/admin/DateTimeShortcuts.js HTTP/1.1" 200 19634[0m basehttp.py INFO
[06/Mar/2023 09:20:23] [m"GET /static/admin/css/widgets.css HTTP/1.1" 200 11097[0m basehttp.py INFO
[06/Mar/2023 09:20:23] [m"GET /admin/jsi18n/ HTTP/1.1" 200 15618[0m basehttp.py INFO
[06/Mar/2023 09:20:23] [m"GET /static/admin/js/prepopulate_init.js HTTP/1.1" 200 492[0m basehttp.py INFO
[06/Mar/2023 09:20:23] [m"GET /static/admin/js/change_form.js HTTP/1.1" 200 606[0m basehttp.py INFO
[06/Mar/2023 09:20:23] [m"GET /static/admin/img/icon-calendar.svg HTTP/1.1" 200 1086[0m basehttp.py INFO
[06/Mar/2023 09:20:23] [m"GET /static/admin/img/icon-clock.svg HTTP/1.1" 200 677[0m basehttp.py INFO
[06/Mar/2023 09:20:33] [m"GET /admin/auth/group/ HTTP/1.1" 200 18099[0m basehttp.py INFO
[06/Mar/2023 09:20:33] [m"GET /admin/jsi18n/ HTTP/1.1" 200 15618[0m basehttp.py INFO
[06/Mar/2023 09:20:33] [m"GET /static/admin/img/search.svg HTTP/1.1" 200 458[0m basehttp.py INFO
[06/Mar/2023 09:20:37] [m"GET /admin/Students/events/ HTTP/1.1" 200 21322[0m basehttp.py INFO
[06/Mar/2023 09:20:37] [m"GET /admin/jsi18n/ HTTP/1.1" 200 15618[0m basehttp.py INFO
[06/Mar/2023 09:20:39] [m"GET /admin/Students/statusstudent/ HTTP/1.1" 200 19315[0m basehttp.py INFO
[06/Mar/2023 09:20:39] [m"GET /admin/jsi18n/ HTTP/1.1" 200 15618[0m basehttp.py INFO
[06/Mar/2023 09:20:51] [m"GET / HTTP/1.1" 200 17148[0m basehttp.py INFO
[06/Mar/2023 09:20:55] [m"GET / HTTP/1.1" 200 17148[0m basehttp.py INFO
[06/Mar/2023 09:20:56] [m"GET /create_events/ HTTP/1.1" 200 15309[0m basehttp.py INFO
[06/Mar/2023 09:20:58] [m"GET /list_students/ HTTP/1.1" 200 16968[0m basehttp.py INFO
[06/Mar/2023 09:20:58] [m"GET /media/photo/2022/10.17/%D0%A1%D0%BD%D0%B8%D0%BC%D0%BE%D0%BA_%D1%8D%D0%BA%D1%80%D0%B0%D0%BD%D0%B0_2022-08-16_%D0%B2_14.56.56.png HTTP/1.1" 200 288574[0m basehttp.py INFO
[06/Mar/2023 09:20:58] [m"GET /media/photo/2022/10.17/%D0%A1%D0%BD%D0%B8%D0%BC%D0%BE%D0%BA_%D1%8D%D0%BA%D1%80%D0%B0%D0%BD%D0%B0_2022-08-12_%D0%B2_16.29.39.png HTTP/1.1" 200 6052[0m basehttp.py INFO
[06/Mar/2023 09:20:58] [m"GET /media/photo/2022/10.17/%D0%A1%D0%BD%D0%B8%D0%BC%D0%BE%D0%BA_%D1%8D%D0%BA%D1%80%D0%B0%D0%BD%D0%B0_2022-08-16_%D0%B2_14.56.39.png HTTP/1.1" 200 282542[0m basehttp.py INFO
[06/Mar/2023 09:20:59] [m"GET /media/photo/2022/10.17/LWScreenShot_2022-09-02_at_17.30.40.png HTTP/1.1" 200 23927349[0m basehttp.py INFO
[06/Mar/2023 09:21:02] [m"GET /detail_student/3/ HTTP/1.1" 200 18004[0m basehttp.py INFO
[06/Mar/2023 09:21:02] [m"GET /media/default_img/default.png HTTP/1.1" 200 328529[0m basehttp.py INFO
[06/Mar/2023 09:21:09] [m"GET /list_students/ HTTP/1.1" 200 16968[0m basehttp.py INFO
[06/Mar/2023 09:21:14] [m"GET /admin/Students/infostudent/ HTTP/1.1" 200 21121[0m basehttp.py INFO
[06/Mar/2023 09:21:14] [m"GET /admin/jsi18n/ HTTP/1.1" 200 15618[0m basehttp.py INFO
[06/Mar/2023 09:34:04] [m"GET /detail_student/1/ HTTP/1.1" 200 17997[0m basehttp.py INFO
[06/Mar/2023 09:35:12,963] /Users/radix-dev/PycharmProjects/dgu/MainPartSiteDGU/Students/views.py changed, reloading. autoreload.py INFO
[06/Mar/2023 09:35:14,737] Watching for file changes with StatReloader autoreload.py INFO
[06/Mar/2023 09:35:18] [m"GET /type_reg_student/ HTTP/1.1" 200 13848[0m basehttp.py INFO
[06/Mar/2023 09:35:22] [m"GET /base_register/ HTTP/1.1" 200 16559[0m basehttp.py INFO
[06/Mar/2023 09:35:24] [m"GET /advanced_register/ HTTP/1.1" 200 18018[0m basehttp.py INFO
[06/Mar/2023 09:35:26] [m"GET /full_register/ HTTP/1.1" 200 18903[0m basehttp.py INFO
[06/Mar/2023 09:35:54] [m"GET /list_students/ HTTP/1.1" 200 16968[0m basehttp.py INFO
[06/Mar/2023 09:35:55] [m"GET /media/photo/2022/10.17/LWScreenShot_2022-09-02_at_17.30.40.png HTTP/1.1" 200 23927349[0m basehttp.py INFO
[06/Mar/2023 09:35:55] [m"GET /create_events/ HTTP/1.1" 200 15309[0m basehttp.py INFO
[06/Mar/2023 09:35:57] [m"GET /type_reg_student/ HTTP/1.1" 200 13848[0m basehttp.py INFO
[06/Mar/2023 09:36:11] [m"GET / HTTP/1.1" 200 17148[0m basehttp.py INFO
[06/Mar/2023 09:36:13] [m"GET /detail_events/4/ HTTP/1.1" 200 15444[0m basehttp.py INFO
[06/Mar/2023 09:36:15] [m"GET / HTTP/1.1" 200 17148[0m basehttp.py INFO
[06/Mar/2023 09:36:35,722] /Users/radix-dev/PycharmProjects/dgu/MainPartSiteDGU/Students/views.py changed, reloading. autoreload.py INFO
[06/Mar/2023 09:36:36,892] Watching for file changes with StatReloader autoreload.py INFO
[06/Mar/2023 09:36:54,713] Watching for file changes with StatReloader autoreload.py INFO
[06/Mar/2023 09:36:59] [m"GET / HTTP/1.1" 200 16574[0m basehttp.py INFO
[06/Mar/2023 09:37:01] [m"GET /?page=2 HTTP/1.1" 200 15155[0m basehttp.py INFO
[06/Mar/2023 09:37:02] [m"GET /?page=1 HTTP/1.1" 200 16581[0m basehttp.py INFO
[06/Mar/2023 09:45:05] [m"GET /detail_events/4/ HTTP/1.1" 200 15444[0m basehttp.py INFO
[06/Mar/2023 09:45:43,257] [35;1mInternal Server Error: /detail_events/10/[0m log.py ERROR
Traceback (most recent call last):
  File "/Users/radix-dev/PycharmProjects/dgu/venv/lib/python3.10/site-packages/django/core/handlers/exception.py", line 47, in inner
    response = get_response(request)
  File "/Users/radix-dev/PycharmProjects/dgu/venv/lib/python3.10/site-packages/django/core/handlers/base.py", line 181, in _get_response
    response = wrapped_callback(request, *callback_args, **callback_kwargs)
  File "/Users/radix-dev/PycharmProjects/dgu/venv/lib/python3.10/site-packages/django/views/generic/base.py", line 69, in view
    return self.dispatch(request, *args, **kwargs)
  File "/Users/radix-dev/PycharmProjects/dgu/venv/lib/python3.10/site-packages/django/contrib/auth/mixins.py", line 71, in dispatch
    return super().dispatch(request, *args, **kwargs)
  File "/Users/radix-dev/PycharmProjects/dgu/venv/lib/python3.10/site-packages/django/views/generic/base.py", line 101, in dispatch
    return handler(request, *args, **kwargs)
  File "/Users/radix-dev/PycharmProjects/dgu/MainPartSiteDGU/Students/views.py", line 170, in get
    model = Events.objects.get(id=pk)
  File "/Users/radix-dev/PycharmProjects/dgu/venv/lib/python3.10/site-packages/django/db/models/manager.py", line 85, in manager_method
    return getattr(self.get_queryset(), name)(*args, **kwargs)
  File "/Users/radix-dev/PycharmProjects/dgu/venv/lib/python3.10/site-packages/django/db/models/query.py", line 439, in get
    raise self.model.DoesNotExist(
Students.models.Events.DoesNotExist: Events matching query does not exist.
[06/Mar/2023 09:45:43] [35;1m"GET /detail_events/10/ HTTP/1.1" 500 96632[0m basehttp.py ERROR
[06/Mar/2023 10:01:28,009] Watching for file changes with StatReloader autoreload.py INFO
[06/Mar/2023 10:01:37,931] [35;1mInternal Server Error: /detail_events/10/[0m log.py ERROR
Traceback (most recent call last):
  File "/Users/radix-dev/PycharmProjects/dgu/venv/lib/python3.10/site-packages/django/core/handlers/exception.py", line 47, in inner
    response = get_response(request)
  File "/Users/radix-dev/PycharmProjects/dgu/venv/lib/python3.10/site-packages/django/core/handlers/base.py", line 181, in _get_response
    response = wrapped_callback(request, *callback_args, **callback_kwargs)
  File "/Users/radix-dev/PycharmProjects/dgu/venv/lib/python3.10/site-packages/django/views/generic/base.py", line 69, in view
    return self.dispatch(request, *args, **kwargs)
  File "/Users/radix-dev/PycharmProjects/dgu/venv/lib/python3.10/site-packages/django/contrib/auth/mixins.py", line 71, in dispatch
    return super().dispatch(request, *args, **kwargs)
  File "/Users/radix-dev/PycharmProjects/dgu/venv/lib/python3.10/site-packages/django/views/generic/base.py", line 101, in dispatch
    return handler(request, *args, **kwargs)
  File "/Users/radix-dev/PycharmProjects/dgu/MainPartSiteDGU/Students/views.py", line 170, in get
    model = Events.objects.get(id=pk)
  File "/Users/radix-dev/PycharmProjects/dgu/venv/lib/python3.10/site-packages/django/db/models/manager.py", line 85, in manager_method
    return getattr(self.get_queryset(), name)(*args, **kwargs)
  File "/Users/radix-dev/PycharmProjects/dgu/venv/lib/python3.10/site-packages/django/db/models/query.py", line 439, in get
    raise self.model.DoesNotExist(
Students.models.Events.DoesNotExist: Events matching query does not exist.
[06/Mar/2023 10:01:37] [35;1m"GET /detail_events/10/ HTTP/1.1" 500 96765[0m basehttp.py ERROR
[06/Mar/2023 11:33:41,823] [33mNot Found: /detail_events[0m log.py WARNING
[06/Mar/2023 11:33:41] [33m"GET /detail_events HTTP/1.1" 404 15889[0m basehttp.py WARNING
[06/Mar/2023 11:33:46,478] [35;1mInternal Server Error: /detail_events/1/[0m log.py ERROR
Traceback (most recent call last):
  File "/Users/radix-dev/PycharmProjects/dgu/venv/lib/python3.10/site-packages/django/core/handlers/exception.py", line 47, in inner
    response = get_response(request)
  File "/Users/radix-dev/PycharmProjects/dgu/venv/lib/python3.10/site-packages/django/core/handlers/base.py", line 181, in _get_response
    response = wrapped_callback(request, *callback_args, **callback_kwargs)
  File "/Users/radix-dev/PycharmProjects/dgu/venv/lib/python3.10/site-packages/django/views/generic/base.py", line 69, in view
    return self.dispatch(request, *args, **kwargs)
  File "/Users/radix-dev/PycharmProjects/dgu/venv/lib/python3.10/site-packages/django/contrib/auth/mixins.py", line 71, in dispatch
    return super().dispatch(request, *args, **kwargs)
  File "/Users/radix-dev/PycharmProjects/dgu/venv/lib/python3.10/site-packages/django/views/generic/base.py", line 101, in dispatch
    return handler(request, *args, **kwargs)
  File "/Users/radix-dev/PycharmProjects/dgu/MainPartSiteDGU/Students/views.py", line 170, in get
    model = Events.objects.get(id=pk)
  File "/Users/radix-dev/PycharmProjects/dgu/venv/lib/python3.10/site-packages/django/db/models/manager.py", line 85, in manager_method
    return getattr(self.get_queryset(), name)(*args, **kwargs)
  File "/Users/radix-dev/PycharmProjects/dgu/venv/lib/python3.10/site-packages/django/db/models/query.py", line 439, in get
    raise self.model.DoesNotExist(
Students.models.Events.DoesNotExist: Events matching query does not exist.
[06/Mar/2023 11:33:46] [35;1m"GET /detail_events/1/ HTTP/1.1" 500 96605[0m basehttp.py ERROR
[06/Mar/2023 11:33:49] [m"GET /detail_events/4/ HTTP/1.1" 200 15444[0m basehttp.py INFO
[06/Mar/2023 11:33:49] [m"GET /static/icon/logo.png HTTP/1.1" 200 513410[0m basehttp.py INFO
[06/Mar/2023 11:33:49] [m"GET /media/Events/2022/10.13/%D0%A1%D0%BD%D0%B8%D0%BC%D0%BE%D0%BA_%D1%8D%D0%BA%D1%80%D0%B0%D0%BD%D0%B0_2022-08-16_%D0%B2_14.56.56_hYLxXrv.png HTTP/1.1" 200 288574[0m basehttp.py INFO
[06/Mar/2023 11:33:52] [m"GET / HTTP/1.1" 200 16574[0m basehttp.py INFO
[06/Mar/2023 11:33:52] [m"GET /media/Events/2022/10.13/%D0%A1%D0%BD%D0%B8%D0%BC%D0%BE%D0%BA_%D1%8D%D0%BA%D1%80%D0%B0%D0%BD%D0%B0_2022-08-16_%D0%B2_14.56.56_WAty4Ft.png HTTP/1.1" 200 288574[0m basehttp.py INFO
[06/Mar/2023 11:33:52] [m"GET /media/Events/2022/10.13/%D0%A1%D0%BD%D0%B8%D0%BC%D0%BE%D0%BA_%D1%8D%D0%BA%D1%80%D0%B0%D0%BD%D0%B0_2022-08-16_%D0%B2_14.56.56_Cnp9lwP.png HTTP/1.1" 200 288574[0m basehttp.py INFO
[06/Mar/2023 11:33:54] [m"GET /detail_events/6/ HTTP/1.1" 200 15446[0m basehttp.py INFO
[06/Mar/2023 11:34:03] [m"POST /detail_events/6/ HTTP/1.1" 200 15436[0m basehttp.py INFO
[06/Mar/2023 11:34:05] [m"POST /detail_events/6/ HTTP/1.1" 200 15436[0m basehttp.py INFO
[06/Mar/2023 11:44:31] [m"GET /reg_user/ HTTP/1.1" 200 14127[0m basehttp.py INFO
[06/Mar/2023 11:49:17] [m"POST /detail_events/6/ HTTP/1.1" 200 16764[0m basehttp.py INFO
[06/Mar/2023 11:49:26] [m"POST /detail_events/6/ HTTP/1.1" 200 15873[0m basehttp.py INFO
[06/Mar/2023 11:49:49] [m"POST /detail_events/6/ HTTP/1.1" 200 15512[0m basehttp.py INFO
[06/Mar/2023 11:50:23] [m"POST /detail_events/6/ HTTP/1.1" 200 15678[0m basehttp.py INFO
[06/Mar/2023 11:51:17] [m"POST /detail_events/6/ HTTP/1.1" 200 16039[0m basehttp.py INFO
[06/Mar/2023 11:55:31,256] /Users/radix-dev/PycharmProjects/dgu/MainPartSiteDGU/Students/urls.py changed, reloading. autoreload.py INFO
[06/Mar/2023 11:55:32,515] Watching for file changes with StatReloader autoreload.py INFO
[06/Mar/2023 11:59:25,476] /Users/radix-dev/PycharmProjects/dgu/MainPartSiteDGU/Students/views.py changed, reloading. autoreload.py INFO
[06/Mar/2023 11:59:26,915] Watching for file changes with StatReloader autoreload.py INFO
[06/Mar/2023 12:26:33] [m"GET /list_students/ HTTP/1.1" 200 16968[0m basehttp.py INFO
[06/Mar/2023 12:26:33] [m"GET /media/photo/2022/10.17/%D0%A1%D0%BD%D0%B8%D0%BC%D0%BE%D0%BA_%D1%8D%D0%BA%D1%80%D0%B0%D0%BD%D0%B0_2022-08-16_%D0%B2_14.56.39.png HTTP/1.1" 200 282542[0m basehttp.py INFO
[06/Mar/2023 12:26:33] [m"GET /media/photo/2022/10.17/%D0%A1%D0%BD%D0%B8%D0%BC%D0%BE%D0%BA_%D1%8D%D0%BA%D1%80%D0%B0%D0%BD%D0%B0_2022-08-16_%D0%B2_14.56.56.png HTTP/1.1" 200 288574[0m basehttp.py INFO
[06/Mar/2023 12:26:34] [m"GET /detail_student/1/ HTTP/1.1" 200 17998[0m basehttp.py INFO
[06/Mar/2023 12:26:34] [m"GET /media/photo/2022/10.17/LWScreenShot_2022-09-02_at_17.30.40.png HTTP/1.1" 200 23927349[0m basehttp.py INFO
[06/Mar/2023 12:26:35] [m"GET /media/default_img/default.png HTTP/1.1" 200 328529[0m basehttp.py INFO
[06/Mar/2023 12:32:21,399] /Users/radix-dev/PycharmProjects/dgu/MainPartSiteDGU/Students/views.py changed, reloading. autoreload.py INFO
[06/Mar/2023 12:32:23,261] Watching for file changes with StatReloader autoreload.py INFO
[06/Mar/2023 12:34:41,418] /Users/radix-dev/PycharmProjects/dgu/MainPartSiteDGU/Students/views.py changed, reloading. autoreload.py INFO
[06/Mar/2023 12:34:42,762] Watching for file changes with StatReloader autoreload.py INFO
[06/Mar/2023 12:35:56,567] /Users/radix-dev/PycharmProjects/dgu/MainPartSiteDGU/Students/views.py changed, reloading. autoreload.py INFO
[06/Mar/2023 12:35:58,077] Watching for file changes with StatReloader autoreload.py INFO
[06/Mar/2023 12:37:17,479] /Users/radix-dev/PycharmProjects/dgu/MainPartSiteDGU/Students/views.py changed, reloading. autoreload.py INFO
[06/Mar/2023 12:37:19,106] Watching for file changes with StatReloader autoreload.py INFO
[06/Mar/2023 12:37:25,908] /Users/radix-dev/PycharmProjects/dgu/MainPartSiteDGU/Students/views.py changed, reloading. autoreload.py INFO
[06/Mar/2023 12:37:27,533] Watching for file changes with StatReloader autoreload.py INFO
[06/Mar/2023 12:37:43,236] /Users/radix-dev/PycharmProjects/dgu/MainPartSiteDGU/Students/views.py changed, reloading. autoreload.py INFO
[06/Mar/2023 12:37:44,492] Watching for file changes with StatReloader autoreload.py INFO
[06/Mar/2023 12:39:08,237] /Users/radix-dev/PycharmProjects/dgu/MainPartSiteDGU/Students/views.py changed, reloading. autoreload.py INFO
[06/Mar/2023 12:39:10,133] Watching for file changes with StatReloader autoreload.py INFO
[06/Mar/2023 12:39:22,412] /Users/radix-dev/PycharmProjects/dgu/MainPartSiteDGU/Students/views.py changed, reloading. autoreload.py INFO
[06/Mar/2023 12:39:23,051] Watching for file changes with StatReloader autoreload.py INFO
[06/Mar/2023 12:39:26,723] [35;1mInternal Server Error: /[0m log.py ERROR
Traceback (most recent call last):
  File "/Users/radix-dev/PycharmProjects/dgu/venv/lib/python3.10/site-packages/django/utils/datastructures.py", line 83, in __getitem__
    list_ = super().__getitem__(key)
KeyError: 'search_events'

During handling of the above exception, another exception occurred:

Traceback (most recent call last):
  File "/Users/radix-dev/PycharmProjects/dgu/venv/lib/python3.10/site-packages/django/core/handlers/exception.py", line 47, in inner
    response = get_response(request)
  File "/Users/radix-dev/PycharmProjects/dgu/venv/lib/python3.10/site-packages/django/core/handlers/base.py", line 181, in _get_response
    response = wrapped_callback(request, *callback_args, **callback_kwargs)
  File "/Users/radix-dev/PycharmProjects/dgu/venv/lib/python3.10/site-packages/django/views/generic/base.py", line 69, in view
    return self.dispatch(request, *args, **kwargs)
  File "/Users/radix-dev/PycharmProjects/dgu/venv/lib/python3.10/site-packages/django/contrib/auth/mixins.py", line 71, in dispatch
    return super().dispatch(request, *args, **kwargs)
  File "/Users/radix-dev/PycharmProjects/dgu/venv/lib/python3.10/site-packages/django/views/generic/base.py", line 101, in dispatch
    return handler(request, *args, **kwargs)
  File "/Users/radix-dev/PycharmProjects/dgu/venv/lib/python3.10/site-packages/django/views/generic/list.py", line 142, in get
    self.object_list = self.get_queryset()
  File "/Users/radix-dev/PycharmProjects/dgu/MainPartSiteDGU/Students/views.py", line 173, in get_queryset
    print(self.request.POST['search_events'])
  File "/Users/radix-dev/PycharmProjects/dgu/venv/lib/python3.10/site-packages/django/utils/datastructures.py", line 85, in __getitem__
    raise MultiValueDictKeyError(key)
django.utils.datastructures.MultiValueDictKeyError: 'search_events'
[06/Mar/2023 12:39:26] [35;1m"GET / HTTP/1.1" 500 99409[0m basehttp.py ERROR
[06/Mar/2023 12:39:54,507] [35;1mInternal Server Error: /[0m log.py ERROR
Traceback (most recent call last):
  File "/Users/radix-dev/PycharmProjects/dgu/venv/lib/python3.10/site-packages/django/utils/datastructures.py", line 83, in __getitem__
    list_ = super().__getitem__(key)
KeyError: 'search_events'

During handling of the above exception, another exception occurred:

Traceback (most recent call last):
  File "/Users/radix-dev/PycharmProjects/dgu/venv/lib/python3.10/site-packages/django/core/handlers/exception.py", line 47, in inner
    response = get_response(request)
  File "/Users/radix-dev/PycharmProjects/dgu/venv/lib/python3.10/site-packages/django/core/handlers/base.py", line 181, in _get_response
    response = wrapped_callback(request, *callback_args, **callback_kwargs)
  File "/Users/radix-dev/PycharmProjects/dgu/venv/lib/python3.10/site-packages/django/views/generic/base.py", line 69, in view
    return self.dispatch(request, *args, **kwargs)
  File "/Users/radix-dev/PycharmProjects/dgu/venv/lib/python3.10/site-packages/django/contrib/auth/mixins.py", line 71, in dispatch
    return super().dispatch(request, *args, **kwargs)
  File "/Users/radix-dev/PycharmProjects/dgu/venv/lib/python3.10/site-packages/django/views/generic/base.py", line 101, in dispatch
    return handler(request, *args, **kwargs)
  File "/Users/radix-dev/PycharmProjects/dgu/venv/lib/python3.10/site-packages/django/views/generic/list.py", line 142, in get
    self.object_list = self.get_queryset()
  File "/Users/radix-dev/PycharmProjects/dgu/MainPartSiteDGU/Students/views.py", line 173, in get_queryset
    print(self.request.POST['search_events'])
  File "/Users/radix-dev/PycharmProjects/dgu/venv/lib/python3.10/site-packages/django/utils/datastructures.py", line 85, in __getitem__
    raise MultiValueDictKeyError(key)
django.utils.datastructures.MultiValueDictKeyError: 'search_events'
[06/Mar/2023 12:39:54] [35;1m"GET /?search_events=asd HTTP/1.1" 500 99715[0m basehttp.py ERROR
[06/Mar/2023 12:40:01,982] [35;1mInternal Server Error: /[0m log.py ERROR
Traceback (most recent call last):
  File "/Users/radix-dev/PycharmProjects/dgu/venv/lib/python3.10/site-packages/django/utils/datastructures.py", line 83, in __getitem__
    list_ = super().__getitem__(key)
KeyError: 'search_events'

During handling of the above exception, another exception occurred:

Traceback (most recent call last):
  File "/Users/radix-dev/PycharmProjects/dgu/venv/lib/python3.10/site-packages/django/core/handlers/exception.py", line 47, in inner
    response = get_response(request)
  File "/Users/radix-dev/PycharmProjects/dgu/venv/lib/python3.10/site-packages/django/core/handlers/base.py", line 181, in _get_response
    response = wrapped_callback(request, *callback_args, **callback_kwargs)
  File "/Users/radix-dev/PycharmProjects/dgu/venv/lib/python3.10/site-packages/django/views/generic/base.py", line 69, in view
    return self.dispatch(request, *args, **kwargs)
  File "/Users/radix-dev/PycharmProjects/dgu/venv/lib/python3.10/site-packages/django/contrib/auth/mixins.py", line 71, in dispatch
    return super().dispatch(request, *args, **kwargs)
  File "/Users/radix-dev/PycharmProjects/dgu/venv/lib/python3.10/site-packages/django/views/generic/base.py", line 101, in dispatch
    return handler(request, *args, **kwargs)
  File "/Users/radix-dev/PycharmProjects/dgu/venv/lib/python3.10/site-packages/django/views/generic/list.py", line 142, in get
    self.object_list = self.get_queryset()
  File "/Users/radix-dev/PycharmProjects/dgu/MainPartSiteDGU/Students/views.py", line 173, in get_queryset
    # print(self.request.POST['search_events'])
  File "/Users/radix-dev/PycharmProjects/dgu/venv/lib/python3.10/site-packages/django/utils/datastructures.py", line 85, in __getitem__
    raise MultiValueDictKeyError(key)
django.utils.datastructures.MultiValueDictKeyError: 'search_events'
[06/Mar/2023 12:40:02] [35;1m"GET /?search_events=asd HTTP/1.1" 500 99856[0m basehttp.py ERROR
[06/Mar/2023 12:40:02,057] /Users/radix-dev/PycharmProjects/dgu/MainPartSiteDGU/Students/views.py changed, reloading. autoreload.py INFO
[06/Mar/2023 12:40:03,789] Watching for file changes with StatReloader autoreload.py INFO
[06/Mar/2023 12:40:05] [m"GET /?search_events=asd HTTP/1.1" 200 13573[0m basehttp.py INFO
[06/Mar/2023 12:40:05] [m"GET /static/icon/logo.png HTTP/1.1" 200 513410[0m basehttp.py INFO
[06/Mar/2023 12:40:29,780] /Users/radix-dev/PycharmProjects/dgu/MainPartSiteDGU/Students/views.py changed, reloading. autoreload.py INFO
[06/Mar/2023 12:40:31,441] Watching for file changes with StatReloader autoreload.py INFO
[06/Mar/2023 12:40:33] [m"GET /?search_events=asd HTTP/1.1" 200 14060[0m basehttp.py INFO
[06/Mar/2023 12:40:33] [m"GET /?search_events=asd HTTP/1.1" 200 14058[0m basehttp.py INFO
[06/Mar/2023 12:40:47,740] /Users/radix-dev/PycharmProjects/dgu/MainPartSiteDGU/Students/views.py changed, reloading. autoreload.py INFO
[06/Mar/2023 12:40:48,419] Watching for file changes with StatReloader autoreload.py INFO
[06/Mar/2023 12:40:50] [m"GET /?search_events=asd HTTP/1.1" 200 13999[0m basehttp.py INFO
[06/Mar/2023 12:40:53] [m"GET /?search_events=asd HTTP/1.1" 200 13997[0m basehttp.py INFO
[06/Mar/2023 12:41:12,245] /Users/radix-dev/PycharmProjects/dgu/MainPartSiteDGU/Students/views.py changed, reloading. autoreload.py INFO
[06/Mar/2023 12:41:12,912] Watching for file changes with StatReloader autoreload.py INFO
[06/Mar/2023 12:41:15] [m"GET /?search_events=asd HTTP/1.1" 200 14184[0m basehttp.py INFO
[06/Mar/2023 12:43:04] [m"GET /?search_events=asd HTTP/1.1" 200 14318[0m basehttp.py INFO
[06/Mar/2023 12:43:17,176] /Users/radix-dev/PycharmProjects/dgu/MainPartSiteDGU/Students/views.py changed, reloading. autoreload.py INFO
[06/Mar/2023 12:43:18,585] Watching for file changes with StatReloader autoreload.py INFO
[06/Mar/2023 12:43:21] [m"GET /?search_events=asd HTTP/1.1" 200 14456[0m basehttp.py INFO
[06/Mar/2023 12:43:23] [m"GET /?page=1 HTTP/1.1" 200 14443[0m basehttp.py INFO
[06/Mar/2023 12:43:24] [m"GET /?page=2 HTTP/1.1" 200 14443[0m basehttp.py INFO
[06/Mar/2023 12:43:27] [m"GET /?page=1 HTTP/1.1" 200 14443[0m basehttp.py INFO
[06/Mar/2023 12:43:54,862] /Users/radix-dev/PycharmProjects/dgu/MainPartSiteDGU/Students/views.py changed, reloading. autoreload.py INFO
[06/Mar/2023 12:43:55,563] Watching for file changes with StatReloader autoreload.py INFO
[06/Mar/2023 12:43:57] [m"GET /?page=1 HTTP/1.1" 200 14445[0m basehttp.py INFO
[06/Mar/2023 12:44:00] [m"GET /?page=1 HTTP/1.1" 200 14443[0m basehttp.py INFO
[06/Mar/2023 12:44:01] [m"GET /?page=1 HTTP/1.1" 200 14443[0m basehttp.py INFO
[06/Mar/2023 12:44:02] [m"GET /?page=1 HTTP/1.1" 200 14443[0m basehttp.py INFO
[06/Mar/2023 12:44:08] [m"GET /?page=1 HTTP/1.1" 200 14443[0m basehttp.py INFO
[06/Mar/2023 12:44:12] [m"GET / HTTP/1.1" 200 14436[0m basehttp.py INFO
[06/Mar/2023 12:44:43,863] /Users/radix-dev/PycharmProjects/dgu/MainPartSiteDGU/Students/views.py changed, reloading. autoreload.py INFO
[06/Mar/2023 12:44:44,594] Watching for file changes with StatReloader autoreload.py INFO
[06/Mar/2023 12:44:46] [m"GET / HTTP/1.1" 200 17262[0m basehttp.py INFO
[06/Mar/2023 12:44:46] [m"GET /media/Events/2022/10.17/%D0%A1%D0%BD%D0%B8%D0%BC%D0%BE%D0%BA_%D1%8D%D0%BA%D1%80%D0%B0%D0%BD%D0%B0_2022-08-16_%D0%B2_14.56.39.png HTTP/1.1" 200 282542[0m basehttp.py INFO
[06/Mar/2023 12:44:46] [m"GET /media/Events/2022/10.13/%D0%A1%D0%BD%D0%B8%D0%BC%D0%BE%D0%BA_%D1%8D%D0%BA%D1%80%D0%B0%D0%BD%D0%B0_2022-08-16_%D0%B2_14.56.56_Cnp9lwP.png HTTP/1.1" 200 288574[0m basehttp.py INFO
[06/Mar/2023 12:44:46] [m"GET /media/Events/2022/10.13/%D0%A1%D0%BD%D0%B8%D0%BC%D0%BE%D0%BA_%D1%8D%D0%BA%D1%80%D0%B0%D0%BD%D0%B0_2022-08-16_%D0%B2_14.56.56_hYLxXrv.png HTTP/1.1" 200 288574[0m basehttp.py INFO
[06/Mar/2023 12:44:50] [m"GET /?page=2 HTTP/1.1" 200 17269[0m basehttp.py INFO
[06/Mar/2023 12:44:51] [m"GET /?page=1 HTTP/1.1" 200 17269[0m basehttp.py INFO
[06/Mar/2023 12:45:08,679] /Users/radix-dev/PycharmProjects/dgu/MainPartSiteDGU/Students/views.py changed, reloading. autoreload.py INFO
[06/Mar/2023 12:45:10,615] Watching for file changes with StatReloader autoreload.py INFO
[06/Mar/2023 12:45:12] [m"GET /?page=1 HTTP/1.1" 200 14445[0m basehttp.py INFO
[06/Mar/2023 12:45:14] [m"GET /?page=1 HTTP/1.1" 200 14443[0m basehttp.py INFO
[06/Mar/2023 12:46:00,743] /Users/radix-dev/PycharmProjects/dgu/MainPartSiteDGU/Students/views.py changed, reloading. autoreload.py INFO
[06/Mar/2023 12:46:01,380] Watching for file changes with StatReloader autoreload.py INFO
[06/Mar/2023 12:46:05] [m"GET /?page=1 HTTP/1.1" 200 15859[0m basehttp.py INFO
[06/Mar/2023 12:46:06] [m"GET /?page=1 HTTP/1.1" 200 15859[0m basehttp.py INFO
[06/Mar/2023 12:46:09] [m"GET /?page=2 HTTP/1.1" 200 15855[0m basehttp.py INFO
[06/Mar/2023 12:46:10] [m"GET /?page=1 HTTP/1.1" 200 15859[0m basehttp.py INFO
[06/Mar/2023 12:46:19,667] /Users/radix-dev/PycharmProjects/dgu/MainPartSiteDGU/Students/views.py changed, reloading. autoreload.py INFO
[06/Mar/2023 12:46:21,318] Watching for file changes with StatReloader autoreload.py INFO
[06/Mar/2023 12:46:24,171] [33mNot Found: /[0m log.py WARNING
[06/Mar/2023 12:46:24] [33m"GET /?page=2 HTTP/1.1" 404 15853[0m basehttp.py WARNING
[06/Mar/2023 12:46:25,734] [33mNot Found: /[0m log.py WARNING
[06/Mar/2023 12:46:25] [33m"GET /?page=2 HTTP/1.1" 404 15851[0m basehttp.py WARNING
[06/Mar/2023 12:46:29] [m"GET / HTTP/1.1" 200 17126[0m basehttp.py INFO
[06/Mar/2023 12:46:36,061] /Users/radix-dev/PycharmProjects/dgu/MainPartSiteDGU/Students/views.py changed, reloading. autoreload.py INFO
[06/Mar/2023 12:46:37,491] Watching for file changes with StatReloader autoreload.py INFO
[06/Mar/2023 12:46:39] [m"GET / HTTP/1.1" 200 15852[0m basehttp.py INFO
[06/Mar/2023 12:46:42] [m"GET /?page=2 HTTP/1.1" 200 15855[0m basehttp.py INFO
[06/Mar/2023 12:46:57,893] /Users/radix-dev/PycharmProjects/dgu/MainPartSiteDGU/Students/views.py changed, reloading. autoreload.py INFO
[06/Mar/2023 12:46:58,637] Watching for file changes with StatReloader autoreload.py INFO
[06/Mar/2023 12:47:06,377] /Users/radix-dev/PycharmProjects/dgu/MainPartSiteDGU/Students/views.py changed, reloading. autoreload.py INFO
[06/Mar/2023 12:47:06,819] Watching for file changes with StatReloader autoreload.py INFO
[06/Mar/2023 12:47:09] [m"GET /?page=2 HTTP/1.1" 200 15855[0m basehttp.py INFO
[06/Mar/2023 12:48:40,596] /Users/radix-dev/PycharmProjects/dgu/MainPartSiteDGU/Students/views.py changed, reloading. autoreload.py INFO
[06/Mar/2023 12:48:41,083] Watching for file changes with StatReloader autoreload.py INFO
[06/Mar/2023 12:48:43,103] [35;1mInternal Server Error: /[0m log.py ERROR
Traceback (most recent call last):
  File "/Users/radix-dev/PycharmProjects/dgu/venv/lib/python3.10/site-packages/django/utils/datastructures.py", line 83, in __getitem__
    list_ = super().__getitem__(key)
KeyError: 'search_events'

During handling of the above exception, another exception occurred:

Traceback (most recent call last):
  File "/Users/radix-dev/PycharmProjects/dgu/venv/lib/python3.10/site-packages/django/core/handlers/exception.py", line 47, in inner
    response = get_response(request)
  File "/Users/radix-dev/PycharmProjects/dgu/venv/lib/python3.10/site-packages/django/core/handlers/base.py", line 181, in _get_response
    response = wrapped_callback(request, *callback_args, **callback_kwargs)
  File "/Users/radix-dev/PycharmProjects/dgu/venv/lib/python3.10/site-packages/django/views/generic/base.py", line 69, in view
    return self.dispatch(request, *args, **kwargs)
  File "/Users/radix-dev/PycharmProjects/dgu/venv/lib/python3.10/site-packages/django/contrib/auth/mixins.py", line 71, in dispatch
    return super().dispatch(request, *args, **kwargs)
  File "/Users/radix-dev/PycharmProjects/dgu/venv/lib/python3.10/site-packages/django/views/generic/base.py", line 101, in dispatch
    return handler(request, *args, **kwargs)
  File "/Users/radix-dev/PycharmProjects/dgu/venv/lib/python3.10/site-packages/django/views/generic/list.py", line 142, in get
    self.object_list = self.get_queryset()
  File "/Users/radix-dev/PycharmProjects/dgu/MainPartSiteDGU/Students/views.py", line 174, in get_queryset
    print(self.request.GET['search_events'])
  File "/Users/radix-dev/PycharmProjects/dgu/venv/lib/python3.10/site-packages/django/utils/datastructures.py", line 85, in __getitem__
    raise MultiValueDictKeyError(key)
django.utils.datastructures.MultiValueDictKeyError: 'search_events'
[06/Mar/2023 12:48:43] [35;1m"GET /?page=2 HTTP/1.1" 500 99979[0m basehttp.py ERROR
[06/Mar/2023 12:49:08,131] /Users/radix-dev/PycharmProjects/dgu/MainPartSiteDGU/Students/views.py changed, reloading. autoreload.py INFO
[06/Mar/2023 12:49:08,864] Watching for file changes with StatReloader autoreload.py INFO
[06/Mar/2023 12:49:24,670] [35;1mInternal Server Error: /[0m log.py ERROR
Traceback (most recent call last):
  File "/Users/radix-dev/PycharmProjects/dgu/venv/lib/python3.10/site-packages/django/core/handlers/exception.py", line 47, in inner
    response = get_response(request)
  File "/Users/radix-dev/PycharmProjects/dgu/venv/lib/python3.10/site-packages/django/core/handlers/base.py", line 181, in _get_response
    response = wrapped_callback(request, *callback_args, **callback_kwargs)
  File "/Users/radix-dev/PycharmProjects/dgu/venv/lib/python3.10/site-packages/django/views/generic/base.py", line 69, in view
    return self.dispatch(request, *args, **kwargs)
  File "/Users/radix-dev/PycharmProjects/dgu/venv/lib/python3.10/site-packages/django/contrib/auth/mixins.py", line 71, in dispatch
    return super().dispatch(request, *args, **kwargs)
  File "/Users/radix-dev/PycharmProjects/dgu/venv/lib/python3.10/site-packages/django/views/generic/base.py", line 101, in dispatch
    return handler(request, *args, **kwargs)
  File "/Users/radix-dev/PycharmProjects/dgu/venv/lib/python3.10/site-packages/django/views/generic/list.py", line 142, in get
    self.object_list = self.get_queryset()
  File "/Users/radix-dev/PycharmProjects/dgu/MainPartSiteDGU/Students/views.py", line 174, in get_queryset
    print(self.request.GET.get['search_events'])
TypeError: 'method' object is not subscriptable
[06/Mar/2023 12:49:24] [35;1m"GET /?page=2 HTTP/1.1" 500 91970[0m basehttp.py ERROR
[06/Mar/2023 12:51:03,530] /Users/radix-dev/PycharmProjects/dgu/MainPartSiteDGU/Students/views.py changed, reloading. autoreload.py INFO
[06/Mar/2023 12:51:04,118] Watching for file changes with StatReloader autoreload.py INFO
[06/Mar/2023 12:51:07] [m"GET /?page=2 HTTP/1.1" 200 15402[0m basehttp.py INFO
[06/Mar/2023 12:51:10] [m"GET /?page=1 HTTP/1.1" 200 15406[0m basehttp.py INFO
[06/Mar/2023 12:51:11] [m"GET /?page=2 HTTP/1.1" 200 15402[0m basehttp.py INFO
[06/Mar/2023 12:52:22] [m"GET /?page=2 HTTP/1.1" 200 15714[0m basehttp.py INFO
[06/Mar/2023 12:52:24] [m"GET /?page=1 HTTP/1.1" 200 15718[0m basehttp.py INFO
[06/Mar/2023 12:52:25] [m"GET /?page=2 HTTP/1.1" 200 15714[0m basehttp.py INFO
[06/Mar/2023 12:54:34,251] /Users/radix-dev/PycharmProjects/dgu/MainPartSiteDGU/Students/views.py changed, reloading. autoreload.py INFO
[06/Mar/2023 12:54:34,782] Watching for file changes with StatReloader autoreload.py INFO
[06/Mar/2023 12:54:42,409] /Users/radix-dev/PycharmProjects/dgu/MainPartSiteDGU/Students/views.py changed, reloading. autoreload.py INFO
[06/Mar/2023 12:54:42,994] Watching for file changes with StatReloader autoreload.py INFO
[06/Mar/2023 12:54:44] [m"GET /?page=2 HTTP/1.1" 200 15714[0m basehttp.py INFO
[06/Mar/2023 12:54:56,523] [31;1mMethod Not Allowed (POST): /[0m base.py WARNING
[06/Mar/2023 12:54:56,547] [31;1mMethod Not Allowed: /[0m log.py WARNING
[06/Mar/2023 12:54:56] [31;1m"POST /?page=2 HTTP/1.1" 405 0[0m basehttp.py WARNING
[06/Mar/2023 12:55:01,963] [31;1mMethod Not Allowed (POST): /[0m base.py WARNING
[06/Mar/2023 12:55:01,985] [31;1mMethod Not Allowed: /[0m log.py WARNING
[06/Mar/2023 12:55:01] [31;1m"POST /?page=2 HTTP/1.1" 405 0[0m basehttp.py WARNING
[06/Mar/2023 12:55:35,209] [31;1mMethod Not Allowed (POST): /[0m base.py WARNING
[06/Mar/2023 12:55:35,234] [31;1mMethod Not Allowed: /[0m log.py WARNING
[06/Mar/2023 12:55:35] [31;1m"POST /?page=2 HTTP/1.1" 405 0[0m basehttp.py WARNING
[06/Mar/2023 12:55:44] [m"GET /?page=2 HTTP/1.1" 200 15713[0m basehttp.py INFO
[06/Mar/2023 12:55:45] [m"GET /?page=2 HTTP/1.1" 200 15713[0m basehttp.py INFO
[06/Mar/2023 12:55:47] [m"GET /?csrfmiddlewaretoken=pQq6WIdHJGkBdLfEB4hr9Ce7v3a8lfDVXsVISwJw4Vlm6tFXdjbj36iWoSQDbeyf&search_events++%C2%A7= HTTP/1.1" 200 15822[0m basehttp.py INFO
[06/Mar/2023 12:55:48] [m"GET /?csrfmiddlewaretoken=3BqWJmYQvgnYHMqj5tIYxEOvihaRsr9WBdVyFauFQvoJAuQCHICQr8Skb6Qmiq4g&search_events++%C2%A7= HTTP/1.1" 200 15822[0m basehttp.py INFO
[06/Mar/2023 12:56:29,796] /Users/radix-dev/PycharmProjects/dgu/MainPartSiteDGU/Students/views.py changed, reloading. autoreload.py INFO
[06/Mar/2023 12:56:30,379] Watching for file changes with StatReloader autoreload.py INFO
[06/Mar/2023 12:56:33,834] [35;1mInternal Server Error: /[0m log.py ERROR
Traceback (most recent call last):
  File "/Users/radix-dev/PycharmProjects/dgu/venv/lib/python3.10/site-packages/django/utils/datastructures.py", line 83, in __getitem__
    list_ = super().__getitem__(key)
KeyError: 'search_events'

During handling of the above exception, another exception occurred:

Traceback (most recent call last):
  File "/Users/radix-dev/PycharmProjects/dgu/venv/lib/python3.10/site-packages/django/core/handlers/exception.py", line 47, in inner
    response = get_response(request)
  File "/Users/radix-dev/PycharmProjects/dgu/venv/lib/python3.10/site-packages/django/core/handlers/base.py", line 181, in _get_response
    response = wrapped_callback(request, *callback_args, **callback_kwargs)
  File "/Users/radix-dev/PycharmProjects/dgu/venv/lib/python3.10/site-packages/django/views/generic/base.py", line 69, in view
    return self.dispatch(request, *args, **kwargs)
  File "/Users/radix-dev/PycharmProjects/dgu/venv/lib/python3.10/site-packages/django/contrib/auth/mixins.py", line 71, in dispatch
    return super().dispatch(request, *args, **kwargs)
  File "/Users/radix-dev/PycharmProjects/dgu/venv/lib/python3.10/site-packages/django/views/generic/base.py", line 101, in dispatch
    return handler(request, *args, **kwargs)
  File "/Users/radix-dev/PycharmProjects/dgu/venv/lib/python3.10/site-packages/django/views/generic/list.py", line 142, in get
    self.object_list = self.get_queryset()
  File "/Users/radix-dev/PycharmProjects/dgu/MainPartSiteDGU/Students/views.py", line 173, in get_queryset
    print(self.request.GET['search_events'])
  File "/Users/radix-dev/PycharmProjects/dgu/venv/lib/python3.10/site-packages/django/utils/datastructures.py", line 85, in __getitem__
    raise MultiValueDictKeyError(key)
django.utils.datastructures.MultiValueDictKeyError: 'search_events'
[06/Mar/2023 12:56:33] [35;1m"GET /?csrfmiddlewaretoken=oKQaKiI5ZVOqmctRJ0SKLgOytaOS5hp7WmlMG6eUkaPbfUTalfMCFKSnmZunVgkr&search_events++%C2%A7= HTTP/1.1" 500 101516[0m basehttp.py ERROR
[06/Mar/2023 12:57:25,711] /Users/radix-dev/PycharmProjects/dgu/MainPartSiteDGU/Students/views.py changed, reloading. autoreload.py INFO
[06/Mar/2023 12:57:26,228] Watching for file changes with StatReloader autoreload.py INFO
[06/Mar/2023 12:57:29] [m"GET /?csrfmiddlewaretoken=oKQaKiI5ZVOqmctRJ0SKLgOytaOS5hp7WmlMG6eUkaPbfUTalfMCFKSnmZunVgkr&search_events++%C2%A7= HTTP/1.1" 200 16203[0m basehttp.py INFO
[06/Mar/2023 12:57:30] [m"GET /?csrfmiddlewaretoken=oKQaKiI5ZVOqmctRJ0SKLgOytaOS5hp7WmlMG6eUkaPbfUTalfMCFKSnmZunVgkr&search_events++%C2%A7= HTTP/1.1" 200 16203[0m basehttp.py INFO
[06/Mar/2023 12:57:33,641] [35;1mInternal Server Error: /[0m log.py ERROR
Traceback (most recent call last):
  File "/Users/radix-dev/PycharmProjects/dgu/venv/lib/python3.10/site-packages/django/utils/datastructures.py", line 83, in __getitem__
    list_ = super().__getitem__(key)
KeyError: 'events'

During handling of the above exception, another exception occurred:

Traceback (most recent call last):
  File "/Users/radix-dev/PycharmProjects/dgu/venv/lib/python3.10/site-packages/django/core/handlers/exception.py", line 47, in inner
    response = get_response(request)
  File "/Users/radix-dev/PycharmProjects/dgu/venv/lib/python3.10/site-packages/django/core/handlers/base.py", line 181, in _get_response
    response = wrapped_callback(request, *callback_args, **callback_kwargs)
  File "/Users/radix-dev/PycharmProjects/dgu/venv/lib/python3.10/site-packages/django/views/generic/base.py", line 69, in view
    return self.dispatch(request, *args, **kwargs)
  File "/Users/radix-dev/PycharmProjects/dgu/venv/lib/python3.10/site-packages/django/contrib/auth/mixins.py", line 71, in dispatch
    return super().dispatch(request, *args, **kwargs)
  File "/Users/radix-dev/PycharmProjects/dgu/venv/lib/python3.10/site-packages/django/views/generic/base.py", line 101, in dispatch
    return handler(request, *args, **kwargs)
  File "/Users/radix-dev/PycharmProjects/dgu/MainPartSiteDGU/Students/views.py", line 156, in post
    search = request.POST['events']
  File "/Users/radix-dev/PycharmProjects/dgu/venv/lib/python3.10/site-packages/django/utils/datastructures.py", line 85, in __getitem__
    raise MultiValueDictKeyError(key)
django.utils.datastructures.MultiValueDictKeyError: 'events'
[06/Mar/2023 12:57:33] [35;1m"POST /?csrfmiddlewaretoken=oKQaKiI5ZVOqmctRJ0SKLgOytaOS5hp7WmlMG6eUkaPbfUTalfMCFKSnmZunVgkr&search_events++%C2%A7= HTTP/1.1" 500 98540[0m basehttp.py ERROR
[06/Mar/2023 12:57:42,344] /Users/radix-dev/PycharmProjects/dgu/MainPartSiteDGU/Students/views.py changed, reloading. autoreload.py INFO
[06/Mar/2023 12:57:42,807] Watching for file changes with StatReloader autoreload.py INFO
[06/Mar/2023 12:57:45] [m"GET /?csrfmiddlewaretoken=oKQaKiI5ZVOqmctRJ0SKLgOytaOS5hp7WmlMG6eUkaPbfUTalfMCFKSnmZunVgkr&search_events++%C2%A7= HTTP/1.1" 200 16203[0m basehttp.py INFO
[06/Mar/2023 12:57:47] [m"POST /?csrfmiddlewaretoken=oKQaKiI5ZVOqmctRJ0SKLgOytaOS5hp7WmlMG6eUkaPbfUTalfMCFKSnmZunVgkr&search_events++%C2%A7= HTTP/1.1" 200 14221[0m basehttp.py INFO
[06/Mar/2023 12:57:49] [m"GET / HTTP/1.1" 200 16091[0m basehttp.py INFO
[06/Mar/2023 12:58:40,344] /Users/radix-dev/PycharmProjects/dgu/MainPartSiteDGU/Students/views.py changed, reloading. autoreload.py INFO
[06/Mar/2023 12:58:40,908] Watching for file changes with StatReloader autoreload.py INFO
[06/Mar/2023 12:58:41,809] [35;1mInternal Server Error: /[0m log.py ERROR
Traceback (most recent call last):
  File "/Users/radix-dev/PycharmProjects/dgu/venv/lib/python3.10/site-packages/django/utils/datastructures.py", line 83, in __getitem__
    list_ = super().__getitem__(key)
KeyError: 'search_events'

During handling of the above exception, another exception occurred:

Traceback (most recent call last):
  File "/Users/radix-dev/PycharmProjects/dgu/venv/lib/python3.10/site-packages/django/core/handlers/exception.py", line 47, in inner
    response = get_response(request)
  File "/Users/radix-dev/PycharmProjects/dgu/venv/lib/python3.10/site-packages/django/core/handlers/base.py", line 181, in _get_response
    response = wrapped_callback(request, *callback_args, **callback_kwargs)
  File "/Users/radix-dev/PycharmProjects/dgu/venv/lib/python3.10/site-packages/django/views/generic/base.py", line 69, in view
    return self.dispatch(request, *args, **kwargs)
  File "/Users/radix-dev/PycharmProjects/dgu/venv/lib/python3.10/site-packages/django/contrib/auth/mixins.py", line 71, in dispatch
    return super().dispatch(request, *args, **kwargs)
  File "/Users/radix-dev/PycharmProjects/dgu/venv/lib/python3.10/site-packages/django/views/generic/base.py", line 101, in dispatch
    return handler(request, *args, **kwargs)
  File "/Users/radix-dev/PycharmProjects/dgu/venv/lib/python3.10/site-packages/django/views/generic/list.py", line 142, in get
    self.object_list = self.get_queryset()
  File "/Users/radix-dev/PycharmProjects/dgu/MainPartSiteDGU/Students/views.py", line 173, in get_queryset
    print(self.request.GET['search_events'])
  File "/Users/radix-dev/PycharmProjects/dgu/venv/lib/python3.10/site-packages/django/utils/datastructures.py", line 85, in __getitem__
    raise MultiValueDictKeyError(key)
django.utils.datastructures.MultiValueDictKeyError: 'search_events'
[06/Mar/2023 12:58:42] [35;1m"GET / HTTP/1.1" 500 99717[0m basehttp.py ERROR
[06/Mar/2023 12:58:43,367] [35;1mInternal Server Error: /[0m log.py ERROR
Traceback (most recent call last):
  File "/Users/radix-dev/PycharmProjects/dgu/venv/lib/python3.10/site-packages/django/utils/datastructures.py", line 83, in __getitem__
    list_ = super().__getitem__(key)
KeyError: 'search_events'

During handling of the above exception, another exception occurred:

Traceback (most recent call last):
  File "/Users/radix-dev/PycharmProjects/dgu/venv/lib/python3.10/site-packages/django/core/handlers/exception.py", line 47, in inner
    response = get_response(request)
  File "/Users/radix-dev/PycharmProjects/dgu/venv/lib/python3.10/site-packages/django/core/handlers/base.py", line 181, in _get_response
    response = wrapped_callback(request, *callback_args, **callback_kwargs)
  File "/Users/radix-dev/PycharmProjects/dgu/venv/lib/python3.10/site-packages/django/views/generic/base.py", line 69, in view
    return self.dispatch(request, *args, **kwargs)
  File "/Users/radix-dev/PycharmProjects/dgu/venv/lib/python3.10/site-packages/django/contrib/auth/mixins.py", line 71, in dispatch
    return super().dispatch(request, *args, **kwargs)
  File "/Users/radix-dev/PycharmProjects/dgu/venv/lib/python3.10/site-packages/django/views/generic/base.py", line 101, in dispatch
    return handler(request, *args, **kwargs)
  File "/Users/radix-dev/PycharmProjects/dgu/venv/lib/python3.10/site-packages/django/views/generic/list.py", line 142, in get
    self.object_list = self.get_queryset()
  File "/Users/radix-dev/PycharmProjects/dgu/MainPartSiteDGU/Students/views.py", line 173, in get_queryset
    print(self.request.GET['search_events'])
  File "/Users/radix-dev/PycharmProjects/dgu/venv/lib/python3.10/site-packages/django/utils/datastructures.py", line 85, in __getitem__
    raise MultiValueDictKeyError(key)
django.utils.datastructures.MultiValueDictKeyError: 'search_events'
[06/Mar/2023 12:58:43] [35;1m"GET / HTTP/1.1" 500 99715[0m basehttp.py ERROR
[06/Mar/2023 12:58:51,937] [35;1mInternal Server Error: /[0m log.py ERROR
Traceback (most recent call last):
  File "/Users/radix-dev/PycharmProjects/dgu/venv/lib/python3.10/site-packages/django/utils/datastructures.py", line 83, in __getitem__
    list_ = super().__getitem__(key)
KeyError: 'search_events'

During handling of the above exception, another exception occurred:

Traceback (most recent call last):
  File "/Users/radix-dev/PycharmProjects/dgu/venv/lib/python3.10/site-packages/django/core/handlers/exception.py", line 47, in inner
    response = get_response(request)
  File "/Users/radix-dev/PycharmProjects/dgu/venv/lib/python3.10/site-packages/django/core/handlers/base.py", line 181, in _get_response
    response = wrapped_callback(request, *callback_args, **callback_kwargs)
  File "/Users/radix-dev/PycharmProjects/dgu/venv/lib/python3.10/site-packages/django/views/generic/base.py", line 69, in view
    return self.dispatch(request, *args, **kwargs)
  File "/Users/radix-dev/PycharmProjects/dgu/venv/lib/python3.10/site-packages/django/contrib/auth/mixins.py", line 71, in dispatch
    return super().dispatch(request, *args, **kwargs)
  File "/Users/radix-dev/PycharmProjects/dgu/venv/lib/python3.10/site-packages/django/views/generic/base.py", line 101, in dispatch
    return handler(request, *args, **kwargs)
  File "/Users/radix-dev/PycharmProjects/dgu/venv/lib/python3.10/site-packages/django/views/generic/list.py", line 142, in get
    self.object_list = self.get_queryset()
  File "/Users/radix-dev/PycharmProjects/dgu/MainPartSiteDGU/Students/views.py", line 173, in get_queryset
    print(self.request.GET['search_events'])
  File "/Users/radix-dev/PycharmProjects/dgu/venv/lib/python3.10/site-packages/django/utils/datastructures.py", line 85, in __getitem__
    raise MultiValueDictKeyError(key)
django.utils.datastructures.MultiValueDictKeyError: 'search_events'
[06/Mar/2023 12:58:51] [35;1m"GET / HTTP/1.1" 500 99578[0m basehttp.py ERROR
[06/Mar/2023 12:59:48,215] /Users/radix-dev/PycharmProjects/dgu/MainPartSiteDGU/Students/views.py changed, reloading. autoreload.py INFO
[06/Mar/2023 12:59:49,293] Watching for file changes with StatReloader autoreload.py INFO
[06/Mar/2023 14:01:01] [m"GET / HTTP/1.1" 200 15153[0m basehttp.py INFO
[06/Mar/2023 14:01:01] [m"GET /static/icon/logo.png HTTP/1.1" 200 513410[0m basehttp.py INFO
[06/Mar/2023 14:01:03] [m"GET /?page=1 HTTP/1.1" 200 15160[0m basehttp.py INFO
[06/Mar/2023 14:01:04] [m"GET /?page=2 HTTP/1.1" 200 15156[0m basehttp.py INFO
[06/Mar/2023 14:01:05] [m"GET /?page=1 HTTP/1.1" 200 15160[0m basehttp.py INFO
[06/Mar/2023 14:01:15] [m"GET /?page=1 HTTP/1.1" 200 15160[0m basehttp.py INFO
[06/Mar/2023 14:01:15,886] /Users/radix-dev/PycharmProjects/dgu/MainPartSiteDGU/Students/views.py changed, reloading. autoreload.py INFO
[06/Mar/2023 14:01:17,537] Watching for file changes with StatReloader autoreload.py INFO
[06/Mar/2023 14:01:18] [m"GET /?page=1 HTTP/1.1" 200 16346[0m basehttp.py INFO
[06/Mar/2023 14:01:57] [m"GET /detail_events/4/ HTTP/1.1" 200 16065[0m basehttp.py INFO
[06/Mar/2023 14:03:10] [m"GET /detail_events/4/ HTTP/1.1" 200 16156[0m basehttp.py INFO
[06/Mar/2023 14:03:24] [m"GET /detail_events/4/ HTTP/1.1" 200 16152[0m basehttp.py INFO
[06/Mar/2023 14:04:55] [m"GET /detail_events/4/ HTTP/1.1" 200 16451[0m basehttp.py INFO
[06/Mar/2023 14:05:07] [m"GET /detail_events/4/ HTTP/1.1" 200 16456[0m basehttp.py INFO
[06/Mar/2023 14:05:12] [m"GET /detail_events/4/ HTTP/1.1" 200 16456[0m basehttp.py INFO
[06/Mar/2023 14:05:19] [m"GET /detail_events/4/ HTTP/1.1" 200 16079[0m basehttp.py INFO
[06/Mar/2023 14:05:29] [m"GET /detail_events/4/ HTTP/1.1" 200 16059[0m basehttp.py INFO
[06/Mar/2023 14:05:37] [m"GET /detail_events/4/ HTTP/1.1" 200 16059[0m basehttp.py INFO
[06/Mar/2023 14:05:42] [m"GET /detail_events/4/ HTTP/1.1" 200 16079[0m basehttp.py INFO
[06/Mar/2023 14:06:01] [m"GET /detail_events/4/ HTTP/1.1" 200 16059[0m basehttp.py INFO
[06/Mar/2023 14:06:02] [m"GET /detail_events/4/ HTTP/1.1" 200 16059[0m basehttp.py INFO
[06/Mar/2023 14:06:13] [m"GET /detail_events/4/ HTTP/1.1" 200 16456[0m basehttp.py INFO
[06/Mar/2023 14:09:15,329] /Users/radix-dev/PycharmProjects/dgu/MainPartSiteDGU/Students/forms.py changed, reloading. autoreload.py INFO
[06/Mar/2023 14:09:16,040] Watching for file changes with StatReloader autoreload.py INFO
[06/Mar/2023 14:09:31] [m"GET /detail_events/4/ HTTP/1.1" 200 16466[0m basehttp.py INFO
[06/Mar/2023 14:09:42,411] /Users/radix-dev/PycharmProjects/dgu/MainPartSiteDGU/Students/forms.py changed, reloading. autoreload.py INFO
[06/Mar/2023 14:09:43,122] Watching for file changes with StatReloader autoreload.py INFO
[06/Mar/2023 14:10:49,389] /Users/radix-dev/PycharmProjects/dgu/MainPartSiteDGU/Students/forms.py changed, reloading. autoreload.py INFO
[06/Mar/2023 14:10:49,942] Watching for file changes with StatReloader autoreload.py INFO
[06/Mar/2023 14:10:52] [m"GET /detail_events/4/ HTTP/1.1" 200 16456[0m basehttp.py INFO
[06/Mar/2023 14:10:54] [m"GET /detail_events/4/ HTTP/1.1" 200 16456[0m basehttp.py INFO
[06/Mar/2023 14:11:32,260] /Users/radix-dev/PycharmProjects/dgu/MainPartSiteDGU/Students/forms.py changed, reloading. autoreload.py INFO
[06/Mar/2023 14:11:33,267] Watching for file changes with StatReloader autoreload.py INFO
[06/Mar/2023 14:11:43] [m"GET /detail_events/4/ HTTP/1.1" 200 16456[0m basehttp.py INFO
[06/Mar/2023 14:11:44] [m"GET /detail_events/4/ HTTP/1.1" 200 16456[0m basehttp.py INFO
[06/Mar/2023 14:14:12,088] /Users/radix-dev/PycharmProjects/dgu/MainPartSiteDGU/Students/forms.py changed, reloading. autoreload.py INFO
[06/Mar/2023 14:14:13,448] Watching for file changes with StatReloader autoreload.py INFO
[06/Mar/2023 14:14:18,185] /Users/radix-dev/PycharmProjects/dgu/MainPartSiteDGU/Students/forms.py changed, reloading. autoreload.py INFO
[06/Mar/2023 14:14:18,611] Watching for file changes with StatReloader autoreload.py INFO
[06/Mar/2023 14:14:22] [m"GET /detail_events/4/ HTTP/1.1" 200 16465[0m basehttp.py INFO
[06/Mar/2023 14:14:23] [m"GET /detail_events/4/ HTTP/1.1" 200 16465[0m basehttp.py INFO
[06/Mar/2023 14:14:37,979] /Users/radix-dev/PycharmProjects/dgu/MainPartSiteDGU/Students/forms.py changed, reloading. autoreload.py INFO
[06/Mar/2023 14:14:38,434] Watching for file changes with StatReloader autoreload.py INFO
[06/Mar/2023 14:14:40] [m"GET /detail_events/4/ HTTP/1.1" 200 16470[0m basehttp.py INFO
[06/Mar/2023 14:14:41] [m"GET /detail_events/4/ HTTP/1.1" 200 16470[0m basehttp.py INFO
[06/Mar/2023 14:15:17,609] /Users/radix-dev/PycharmProjects/dgu/MainPartSiteDGU/Students/forms.py changed, reloading. autoreload.py INFO
[06/Mar/2023 14:15:19,337] Watching for file changes with StatReloader autoreload.py INFO
[06/Mar/2023 14:15:31,048] /Users/radix-dev/PycharmProjects/dgu/MainPartSiteDGU/Students/forms.py changed, reloading. autoreload.py INFO
[06/Mar/2023 14:15:31,510] Watching for file changes with StatReloader autoreload.py INFO
[06/Mar/2023 14:15:34] [m"GET /detail_events/4/ HTTP/1.1" 200 16465[0m basehttp.py INFO
[06/Mar/2023 14:17:20] [m"GET /detail_events/4/ HTTP/1.1" 200 16545[0m basehttp.py INFO
[06/Mar/2023 14:17:31] [m"GET /detail_events/4/ HTTP/1.1" 200 16510[0m basehttp.py INFO
[06/Mar/2023 14:18:50,456] /Users/radix-dev/PycharmProjects/dgu/MainPartSiteDGU/Students/forms.py changed, reloading. autoreload.py INFO
[06/Mar/2023 14:18:51,124] Watching for file changes with StatReloader autoreload.py INFO
[06/Mar/2023 14:18:52] [m"GET /detail_events/4/ HTTP/1.1" 200 16528[0m basehttp.py INFO
[06/Mar/2023 14:20:46] [m"GET /detail_events/4/ HTTP/1.1" 200 16079[0m basehttp.py INFO
[06/Mar/2023 14:27:47,776] /Users/radix-dev/PycharmProjects/dgu/MainPartSiteDGU/Students/views.py changed, reloading. autoreload.py INFO
[06/Mar/2023 14:27:49,509] Watching for file changes with StatReloader autoreload.py INFO
[06/Mar/2023 14:29:06,167] /Users/radix-dev/PycharmProjects/dgu/MainPartSiteDGU/Students/views.py changed, reloading. autoreload.py INFO
[06/Mar/2023 14:29:07,680] Watching for file changes with StatReloader autoreload.py INFO
[06/Mar/2023 14:29:50,815] /Users/radix-dev/PycharmProjects/dgu/MainPartSiteDGU/Students/views.py changed, reloading. autoreload.py INFO
[06/Mar/2023 14:29:51,512] Watching for file changes with StatReloader autoreload.py INFO
[06/Mar/2023 14:32:29,981] /Users/radix-dev/PycharmProjects/dgu/MainPartSiteDGU/Students/views.py changed, reloading. autoreload.py INFO
[06/Mar/2023 14:32:31,904] Watching for file changes with StatReloader autoreload.py INFO
[06/Mar/2023 14:32:34,745] [35;1mInternal Server Error: /detail_events/4/[0m log.py ERROR
Traceback (most recent call last):
  File "/Users/radix-dev/PycharmProjects/dgu/venv/lib/python3.10/site-packages/django/core/handlers/exception.py", line 47, in inner
    response = get_response(request)
  File "/Users/radix-dev/PycharmProjects/dgu/venv/lib/python3.10/site-packages/django/core/handlers/base.py", line 204, in _get_response
    response = response.render()
  File "/Users/radix-dev/PycharmProjects/dgu/venv/lib/python3.10/site-packages/django/template/response.py", line 105, in render
    self.content = self.rendered_content
  File "/Users/radix-dev/PycharmProjects/dgu/venv/lib/python3.10/site-packages/django/template/response.py", line 81, in rendered_content
    template = self.resolve_template(self.template_name)
  File "/Users/radix-dev/PycharmProjects/dgu/venv/lib/python3.10/site-packages/django/template/response.py", line 63, in resolve_template
    return select_template(template, using=self.using)
  File "/Users/radix-dev/PycharmProjects/dgu/venv/lib/python3.10/site-packages/django/template/loader.py", line 42, in select_template
    return engine.get_template(template_name)
  File "/Users/radix-dev/PycharmProjects/dgu/venv/lib/python3.10/site-packages/django/template/backends/django.py", line 34, in get_template
    return Template(self.engine.get_template(template_name), self)
  File "/Users/radix-dev/PycharmProjects/dgu/venv/lib/python3.10/site-packages/django/template/engine.py", line 163, in get_template
    template, origin = self.find_template(template_name)
  File "/Users/radix-dev/PycharmProjects/dgu/venv/lib/python3.10/site-packages/django/template/engine.py", line 145, in find_template
    template = loader.get_template(name, skip=skip)
  File "/Users/radix-dev/PycharmProjects/dgu/venv/lib/python3.10/site-packages/django/template/loaders/base.py", line 29, in get_template
    return Template(
  File "/Users/radix-dev/PycharmProjects/dgu/venv/lib/python3.10/site-packages/django/template/base.py", line 155, in __init__
    self.nodelist = self.compile_nodelist()
  File "/Users/radix-dev/PycharmProjects/dgu/venv/lib/python3.10/site-packages/django/template/base.py", line 199, in compile_nodelist
    return parser.parse()
  File "/Users/radix-dev/PycharmProjects/dgu/venv/lib/python3.10/site-packages/django/template/base.py", line 508, in parse
    raise self.error(token, e)
  File "/Users/radix-dev/PycharmProjects/dgu/venv/lib/python3.10/site-packages/django/template/base.py", line 506, in parse
    compiled_result = compile_func(self, token)
  File "/Users/radix-dev/PycharmProjects/dgu/venv/lib/python3.10/site-packages/django/template/loader_tags.py", line 284, in do_extends
    nodelist = parser.parse()
  File "/Users/radix-dev/PycharmProjects/dgu/venv/lib/python3.10/site-packages/django/template/base.py", line 508, in parse
    raise self.error(token, e)
  File "/Users/radix-dev/PycharmProjects/dgu/venv/lib/python3.10/site-packages/django/template/base.py", line 506, in parse
    compiled_result = compile_func(self, token)
  File "/Users/radix-dev/PycharmProjects/dgu/venv/lib/python3.10/site-packages/django/template/loader_tags.py", line 222, in do_block
    nodelist = parser.parse(('endblock',))
  File "/Users/radix-dev/PycharmProjects/dgu/venv/lib/python3.10/site-packages/django/template/base.py", line 508, in parse
    raise self.error(token, e)
  File "/Users/radix-dev/PycharmProjects/dgu/venv/lib/python3.10/site-packages/django/template/base.py", line 506, in parse
    compiled_result = compile_func(self, token)
  File "/Users/radix-dev/PycharmProjects/dgu/venv/lib/python3.10/site-packages/django/template/defaulttags.py", line 905, in do_if
    nodelist = parser.parse(('elif', 'else', 'endif'))
  File "/Users/radix-dev/PycharmProjects/dgu/venv/lib/python3.10/site-packages/django/template/base.py", line 475, in parse
    raise self.error(token, 'Empty variable tag on line %d' % token.lineno)
django.template.exceptions.TemplateSyntaxError: Empty variable tag on line 13
[06/Mar/2023 14:32:34] [35;1m"GET /detail_events/4/ HTTP/1.1" 500 209617[0m basehttp.py ERROR
[06/Mar/2023 14:32:43] [m"GET /detail_events/4/ HTTP/1.1" 200 14361[0m basehttp.py INFO
[06/Mar/2023 14:32:51] [m"GET /detail_events/4/ HTTP/1.1" 200 14361[0m basehttp.py INFO
[06/Mar/2023 14:32:53] [m"GET /detail_events/4/ HTTP/1.1" 200 14361[0m basehttp.py INFO
[06/Mar/2023 14:32:58] [m"GET /detail_events/4/ HTTP/1.1" 200 14355[0m basehttp.py INFO
[06/Mar/2023 14:33:07] [m"GET /detail_events/4/ HTTP/1.1" 200 14355[0m basehttp.py INFO
[06/Mar/2023 14:33:09] [m"GET /detail_events/4/ HTTP/1.1" 200 14355[0m basehttp.py INFO
[06/Mar/2023 14:33:16] [m"GET /detail_events/4/ HTTP/1.1" 200 14378[0m basehttp.py INFO
[06/Mar/2023 14:34:36] [m"GET /detail_events/4/ HTTP/1.1" 200 14390[0m basehttp.py INFO
[06/Mar/2023 14:34:39] [m"GET /detail_events/4/ HTTP/1.1" 200 14390[0m basehttp.py INFO
[06/Mar/2023 14:34:43] [m"GET /detail_events/4/ HTTP/1.1" 200 14390[0m basehttp.py INFO
[06/Mar/2023 14:34:45] [m"GET / HTTP/1.1" 200 16339[0m basehttp.py INFO
[06/Mar/2023 14:34:49] [m"GET /list_students/ HTTP/1.1" 200 16968[0m basehttp.py INFO
[06/Mar/2023 14:34:49] [m"GET /media/photo/2022/10.17/%D0%A1%D0%BD%D0%B8%D0%BC%D0%BE%D0%BA_%D1%8D%D0%BA%D1%80%D0%B0%D0%BD%D0%B0_2022-08-16_%D0%B2_14.56.56.png HTTP/1.1" 200 288574[0m basehttp.py INFO
[06/Mar/2023 14:34:49] [m"GET /media/photo/2022/10.17/%D0%A1%D0%BD%D0%B8%D0%BC%D0%BE%D0%BA_%D1%8D%D0%BA%D1%80%D0%B0%D0%BD%D0%B0_2022-08-16_%D0%B2_14.56.39.png HTTP/1.1" 200 282542[0m basehttp.py INFO
[06/Mar/2023 14:34:50] [m"GET /media/photo/2022/10.17/LWScreenShot_2022-09-02_at_17.30.40.png HTTP/1.1" 200 23927349[0m basehttp.py INFO
[06/Mar/2023 14:34:52] [m"GET / HTTP/1.1" 200 16339[0m basehttp.py INFO
[06/Mar/2023 14:34:53] [m"GET /detail_events/4/ HTTP/1.1" 200 14390[0m basehttp.py INFO
[06/Mar/2023 14:35:29,438] /Users/radix-dev/PycharmProjects/dgu/MainPartSiteDGU/Students/views.py changed, reloading. autoreload.py INFO
[06/Mar/2023 14:35:30,206] Watching for file changes with StatReloader autoreload.py INFO
[06/Mar/2023 14:35:31] [m"GET /detail_events/4/ HTTP/1.1" 200 16036[0m basehttp.py INFO
[06/Mar/2023 14:38:35] [m"GET /detail_events/4/ HTTP/1.1" 200 16197[0m basehttp.py INFO
[06/Mar/2023 14:39:49] [m"GET /detail_events/4/ HTTP/1.1" 200 16701[0m basehttp.py INFO
[06/Mar/2023 14:40:32] [m"GET /detail_events/4/ HTTP/1.1" 200 16688[0m basehttp.py INFO
[06/Mar/2023 14:41:00] [m"GET /detail_events/4/ HTTP/1.1" 200 15029[0m basehttp.py INFO
[06/Mar/2023 14:41:06] [m"GET /detail_events/4/ HTTP/1.1" 200 14989[0m basehttp.py INFO
[07/Mar/2023 12:02:58,578] Watching for file changes with StatReloader autoreload.py INFO
[07/Mar/2023 12:03:09] [m"GET /detail_events/4/ HTTP/1.1" 200 14989[0m basehttp.py INFO
[07/Mar/2023 12:03:10] [m"GET /static/debug_toolbar/js/toolbar.js HTTP/1.1" 200 12222[0m basehttp.py INFO
[07/Mar/2023 12:03:10] [m"GET /static/icon/logo.png HTTP/1.1" 200 513410[0m basehttp.py INFO
[07/Mar/2023 12:03:10] [m"GET /static/debug_toolbar/css/toolbar.css HTTP/1.1" 200 11815[0m basehttp.py INFO
[07/Mar/2023 12:03:10] [m"GET /media/Events/2022/10.13/%D0%A1%D0%BD%D0%B8%D0%BC%D0%BE%D0%BA_%D1%8D%D0%BA%D1%80%D0%B0%D0%BD%D0%B0_2022-08-16_%D0%B2_14.56.56_hYLxXrv.png HTTP/1.1" 200 288574[0m basehttp.py INFO
[07/Mar/2023 12:03:22,345] /Users/radix-dev/PycharmProjects/dgu/MainPartSiteDGU/Students/views.py changed, reloading. autoreload.py INFO
[07/Mar/2023 12:03:22,898] Watching for file changes with StatReloader autoreload.py INFO
[07/Mar/2023 12:03:24] [m"GET /detail_events/4/ HTTP/1.1" 200 15476[0m basehttp.py INFO
[07/Mar/2023 12:07:57] [m"GET /detail_events/4/ HTTP/1.1" 200 15504[0m basehttp.py INFO
[07/Mar/2023 12:10:19,100] /Users/radix-dev/PycharmProjects/dgu/MainPartSiteDGU/Students/views.py changed, reloading. autoreload.py INFO
[07/Mar/2023 12:10:21,567] Watching for file changes with StatReloader autoreload.py INFO
[07/Mar/2023 12:12:29,228] /Users/radix-dev/PycharmProjects/dgu/MainPartSiteDGU/Students/views.py changed, reloading. autoreload.py INFO
[07/Mar/2023 12:12:30,451] Watching for file changes with StatReloader autoreload.py INFO
[07/Mar/2023 12:13:31,930] /Users/radix-dev/PycharmProjects/dgu/MainPartSiteDGU/Students/views.py changed, reloading. autoreload.py INFO
[07/Mar/2023 12:13:33,381] Watching for file changes with StatReloader autoreload.py INFO
[07/Mar/2023 12:13:47,152] /Users/radix-dev/PycharmProjects/dgu/MainPartSiteDGU/Students/views.py changed, reloading. autoreload.py INFO
[07/Mar/2023 12:13:48,223] Watching for file changes with StatReloader autoreload.py INFO
[07/Mar/2023 12:13:56,239] /Users/radix-dev/PycharmProjects/dgu/MainPartSiteDGU/Students/views.py changed, reloading. autoreload.py INFO
[07/Mar/2023 12:13:58,157] Watching for file changes with StatReloader autoreload.py INFO
[07/Mar/2023 12:14:05,184] /Users/radix-dev/PycharmProjects/dgu/MainPartSiteDGU/Students/views.py changed, reloading. autoreload.py INFO
[07/Mar/2023 12:14:05,709] Watching for file changes with StatReloader autoreload.py INFO
[07/Mar/2023 12:14:14,994] /Users/radix-dev/PycharmProjects/dgu/MainPartSiteDGU/Students/views.py changed, reloading. autoreload.py INFO
[07/Mar/2023 12:14:15,643] Watching for file changes with StatReloader autoreload.py INFO
[07/Mar/2023 12:14:25,028] /Users/radix-dev/PycharmProjects/dgu/MainPartSiteDGU/Students/views.py changed, reloading. autoreload.py INFO
[07/Mar/2023 12:14:25,791] Watching for file changes with StatReloader autoreload.py INFO
[07/Mar/2023 12:14:30,774] /Users/radix-dev/PycharmProjects/dgu/MainPartSiteDGU/Students/views.py changed, reloading. autoreload.py INFO
[07/Mar/2023 12:14:31,757] Watching for file changes with StatReloader autoreload.py INFO
[07/Mar/2023 12:16:16] [m"GET /detail_events/4/ HTTP/1.1" 200 15618[0m basehttp.py INFO
[07/Mar/2023 12:16:18] [m"GET /detail_events/4/edit HTTP/1.1" 200 15622[0m basehttp.py INFO
[07/Mar/2023 12:16:53,885] /Users/radix-dev/PycharmProjects/dgu/MainPartSiteDGU/Students/urls.py changed, reloading. autoreload.py INFO
[07/Mar/2023 12:16:54,528] Watching for file changes with StatReloader autoreload.py INFO
[07/Mar/2023 12:16:57,595] [35;1mInternal Server Error: /detail_events/4/edit[0m log.py ERROR
Traceback (most recent call last):
  File "/Users/radix-dev/PycharmProjects/dgu/venv/lib/python3.10/site-packages/django/core/handlers/exception.py", line 47, in inner
    response = get_response(request)
  File "/Users/radix-dev/PycharmProjects/dgu/venv/lib/python3.10/site-packages/django/core/handlers/base.py", line 204, in _get_response
    response = response.render()
  File "/Users/radix-dev/PycharmProjects/dgu/venv/lib/python3.10/site-packages/django/template/response.py", line 105, in render
    self.content = self.rendered_content
  File "/Users/radix-dev/PycharmProjects/dgu/venv/lib/python3.10/site-packages/django/template/response.py", line 83, in rendered_content
    return template.render(context, self._request)
  File "/Users/radix-dev/PycharmProjects/dgu/venv/lib/python3.10/site-packages/django/template/backends/django.py", line 61, in render
    return self.template.render(context)
  File "/Users/radix-dev/PycharmProjects/dgu/venv/lib/python3.10/site-packages/django/template/base.py", line 176, in render
    return self._render(context)
  File "/Users/radix-dev/PycharmProjects/dgu/venv/lib/python3.10/site-packages/django/test/utils.py", line 101, in instrumented_test_render
    return self.nodelist.render(context)
  File "/Users/radix-dev/PycharmProjects/dgu/venv/lib/python3.10/site-packages/django/template/base.py", line 977, in render
    return SafeString(''.join([
  File "/Users/radix-dev/PycharmProjects/dgu/venv/lib/python3.10/site-packages/django/template/base.py", line 978, in <listcomp>
    node.render_annotated(context) for node in self
  File "/Users/radix-dev/PycharmProjects/dgu/venv/lib/python3.10/site-packages/django/template/base.py", line 938, in render_annotated
    return self.render(context)
  File "/Users/radix-dev/PycharmProjects/dgu/venv/lib/python3.10/site-packages/django/template/loader_tags.py", line 153, in render
    return compiled_parent._render(context)
  File "/Users/radix-dev/PycharmProjects/dgu/venv/lib/python3.10/site-packages/django/test/utils.py", line 101, in instrumented_test_render
    return self.nodelist.render(context)
  File "/Users/radix-dev/PycharmProjects/dgu/venv/lib/python3.10/site-packages/django/template/base.py", line 977, in render
    return SafeString(''.join([
  File "/Users/radix-dev/PycharmProjects/dgu/venv/lib/python3.10/site-packages/django/template/base.py", line 978, in <listcomp>
    node.render_annotated(context) for node in self
  File "/Users/radix-dev/PycharmProjects/dgu/venv/lib/python3.10/site-packages/django/template/base.py", line 938, in render_annotated
    return self.render(context)
  File "/Users/radix-dev/PycharmProjects/dgu/venv/lib/python3.10/site-packages/django/template/loader_tags.py", line 65, in render
    result = block.nodelist.render(context)
  File "/Users/radix-dev/PycharmProjects/dgu/venv/lib/python3.10/site-packages/django/template/base.py", line 977, in render
    return SafeString(''.join([
  File "/Users/radix-dev/PycharmProjects/dgu/venv/lib/python3.10/site-packages/django/template/base.py", line 978, in <listcomp>
    node.render_annotated(context) for node in self
  File "/Users/radix-dev/PycharmProjects/dgu/venv/lib/python3.10/site-packages/django/template/base.py", line 938, in render_annotated
    return self.render(context)
  File "/Users/radix-dev/PycharmProjects/dgu/venv/lib/python3.10/site-packages/django/template/defaulttags.py", line 295, in render
    return nodelist.render(context)
  File "/Users/radix-dev/PycharmProjects/dgu/venv/lib/python3.10/site-packages/django/template/base.py", line 977, in render
    return SafeString(''.join([
  File "/Users/radix-dev/PycharmProjects/dgu/venv/lib/python3.10/site-packages/django/template/base.py", line 978, in <listcomp>
    node.render_annotated(context) for node in self
  File "/Users/radix-dev/PycharmProjects/dgu/venv/lib/python3.10/site-packages/django/template/base.py", line 938, in render_annotated
    return self.render(context)
  File "/Users/radix-dev/PycharmProjects/dgu/venv/lib/python3.10/site-packages/django/template/defaulttags.py", line 442, in render
    url = reverse(view_name, args=args, kwargs=kwargs, current_app=current_app)
  File "/Users/radix-dev/PycharmProjects/dgu/venv/lib/python3.10/site-packages/django/urls/base.py", line 86, in reverse
    return resolver._reverse_with_prefix(view, prefix, *args, **kwargs)
  File "/Users/radix-dev/PycharmProjects/dgu/venv/lib/python3.10/site-packages/django/urls/resolvers.py", line 729, in _reverse_with_prefix
    raise NoReverseMatch(msg)
django.urls.exceptions.NoReverseMatch: Reverse for 'edit_detail_events' with keyword arguments '{'pk': ''}' not found. 1 pattern(s) tried: ['detail_events/(?P<pk>[0-9]+)/edit\\Z']
[07/Mar/2023 12:16:57] [35;1m"GET /detail_events/4/edit HTTP/1.1" 500 191517[0m basehttp.py ERROR
[07/Mar/2023 12:17:05] [32m"GET /detail_events/4 HTTP/1.1" 301 0[0m basehttp.py INFO
[07/Mar/2023 12:17:05] [m"GET /detail_events/4/ HTTP/1.1" 200 15618[0m basehttp.py INFO
[07/Mar/2023 12:17:07,887] [35;1mInternal Server Error: /detail_events/4/edit[0m log.py ERROR
Traceback (most recent call last):
  File "/Users/radix-dev/PycharmProjects/dgu/venv/lib/python3.10/site-packages/django/core/handlers/exception.py", line 47, in inner
    response = get_response(request)
  File "/Users/radix-dev/PycharmProjects/dgu/venv/lib/python3.10/site-packages/django/core/handlers/base.py", line 204, in _get_response
    response = response.render()
  File "/Users/radix-dev/PycharmProjects/dgu/venv/lib/python3.10/site-packages/django/template/response.py", line 105, in render
    self.content = self.rendered_content
  File "/Users/radix-dev/PycharmProjects/dgu/venv/lib/python3.10/site-packages/django/template/response.py", line 83, in rendered_content
    return template.render(context, self._request)
  File "/Users/radix-dev/PycharmProjects/dgu/venv/lib/python3.10/site-packages/django/template/backends/django.py", line 61, in render
    return self.template.render(context)
  File "/Users/radix-dev/PycharmProjects/dgu/venv/lib/python3.10/site-packages/django/template/base.py", line 176, in render
    return self._render(context)
  File "/Users/radix-dev/PycharmProjects/dgu/venv/lib/python3.10/site-packages/django/test/utils.py", line 101, in instrumented_test_render
    return self.nodelist.render(context)
  File "/Users/radix-dev/PycharmProjects/dgu/venv/lib/python3.10/site-packages/django/template/base.py", line 977, in render
    return SafeString(''.join([
  File "/Users/radix-dev/PycharmProjects/dgu/venv/lib/python3.10/site-packages/django/template/base.py", line 978, in <listcomp>
    node.render_annotated(context) for node in self
  File "/Users/radix-dev/PycharmProjects/dgu/venv/lib/python3.10/site-packages/django/template/base.py", line 938, in render_annotated
    return self.render(context)
  File "/Users/radix-dev/PycharmProjects/dgu/venv/lib/python3.10/site-packages/django/template/loader_tags.py", line 153, in render
    return compiled_parent._render(context)
  File "/Users/radix-dev/PycharmProjects/dgu/venv/lib/python3.10/site-packages/django/test/utils.py", line 101, in instrumented_test_render
    return self.nodelist.render(context)
  File "/Users/radix-dev/PycharmProjects/dgu/venv/lib/python3.10/site-packages/django/template/base.py", line 977, in render
    return SafeString(''.join([
  File "/Users/radix-dev/PycharmProjects/dgu/venv/lib/python3.10/site-packages/django/template/base.py", line 978, in <listcomp>
    node.render_annotated(context) for node in self
  File "/Users/radix-dev/PycharmProjects/dgu/venv/lib/python3.10/site-packages/django/template/base.py", line 938, in render_annotated
    return self.render(context)
  File "/Users/radix-dev/PycharmProjects/dgu/venv/lib/python3.10/site-packages/django/template/loader_tags.py", line 65, in render
    result = block.nodelist.render(context)
  File "/Users/radix-dev/PycharmProjects/dgu/venv/lib/python3.10/site-packages/django/template/base.py", line 977, in render
    return SafeString(''.join([
  File "/Users/radix-dev/PycharmProjects/dgu/venv/lib/python3.10/site-packages/django/template/base.py", line 978, in <listcomp>
    node.render_annotated(context) for node in self
  File "/Users/radix-dev/PycharmProjects/dgu/venv/lib/python3.10/site-packages/django/template/base.py", line 938, in render_annotated
    return self.render(context)
  File "/Users/radix-dev/PycharmProjects/dgu/venv/lib/python3.10/site-packages/django/template/defaulttags.py", line 295, in render
    return nodelist.render(context)
  File "/Users/radix-dev/PycharmProjects/dgu/venv/lib/python3.10/site-packages/django/template/base.py", line 977, in render
    return SafeString(''.join([
  File "/Users/radix-dev/PycharmProjects/dgu/venv/lib/python3.10/site-packages/django/template/base.py", line 978, in <listcomp>
    node.render_annotated(context) for node in self
  File "/Users/radix-dev/PycharmProjects/dgu/venv/lib/python3.10/site-packages/django/template/base.py", line 938, in render_annotated
    return self.render(context)
  File "/Users/radix-dev/PycharmProjects/dgu/venv/lib/python3.10/site-packages/django/template/defaulttags.py", line 442, in render
    url = reverse(view_name, args=args, kwargs=kwargs, current_app=current_app)
  File "/Users/radix-dev/PycharmProjects/dgu/venv/lib/python3.10/site-packages/django/urls/base.py", line 86, in reverse
    return resolver._reverse_with_prefix(view, prefix, *args, **kwargs)
  File "/Users/radix-dev/PycharmProjects/dgu/venv/lib/python3.10/site-packages/django/urls/resolvers.py", line 729, in _reverse_with_prefix
    raise NoReverseMatch(msg)
django.urls.exceptions.NoReverseMatch: Reverse for 'edit_detail_events' with keyword arguments '{'pk': ''}' not found. 1 pattern(s) tried: ['detail_events/(?P<pk>[0-9]+)/edit\\Z']
[07/Mar/2023 12:17:07] [35;1m"GET /detail_events/4/edit HTTP/1.1" 500 191382[0m basehttp.py ERROR
[07/Mar/2023 12:22:34,083] /Users/radix-dev/PycharmProjects/dgu/MainPartSiteDGU/Students/views.py changed, reloading. autoreload.py INFO
[07/Mar/2023 12:22:34,846] Watching for file changes with StatReloader autoreload.py INFO
[07/Mar/2023 12:22:38] [m"GET /detail_events/4/edit HTTP/1.1" 200 13025[0m basehttp.py INFO
[07/Mar/2023 12:23:17,167] /Users/radix-dev/PycharmProjects/dgu/MainPartSiteDGU/Students/views.py changed, reloading. autoreload.py INFO
[07/Mar/2023 12:23:19,015] Watching for file changes with StatReloader autoreload.py INFO
[07/Mar/2023 12:23:20] [m"GET /detail_events/4/edit HTTP/1.1" 200 13512[0m basehttp.py INFO
[07/Mar/2023 12:23:36,207] /Users/radix-dev/PycharmProjects/dgu/MainPartSiteDGU/Students/urls.py changed, reloading. autoreload.py INFO
[07/Mar/2023 12:23:37,523] Watching for file changes with StatReloader autoreload.py INFO
[07/Mar/2023 12:23:38] [m"GET /detail_events/4/edit/ HTTP/1.1" 200 13513[0m basehttp.py INFO
[07/Mar/2023 12:25:27,285] /Users/radix-dev/PycharmProjects/dgu/MainPartSiteDGU/Students/views.py changed, reloading. autoreload.py INFO
[07/Mar/2023 12:25:27,992] Watching for file changes with StatReloader autoreload.py INFO
[07/Mar/2023 12:25:33] [m"GET /detail_events/4/edit/ HTTP/1.1" 200 15893[0m basehttp.py INFO
[07/Mar/2023 12:26:52] [m"GET /detail_events/4/edit/ HTTP/1.1" 200 16170[0m basehttp.py INFO
[07/Mar/2023 12:26:56] [m"GET /detail_events/4/edit/ HTTP/1.1" 200 16169[0m basehttp.py INFO
[07/Mar/2023 12:27:10] [m"GET /detail_events/4/edit/ HTTP/1.1" 200 16173[0m basehttp.py INFO
[07/Mar/2023 12:28:45,505] /Users/radix-dev/PycharmProjects/dgu/MainPartSiteDGU/Students/forms.py changed, reloading. autoreload.py INFO
[07/Mar/2023 12:28:46,208] Watching for file changes with StatReloader autoreload.py INFO
[07/Mar/2023 12:28:58] [m"GET / HTTP/1.1" 200 16339[0m basehttp.py INFO
[07/Mar/2023 12:28:58] [m"GET /media/Events/2022/10.13/%D0%A1%D0%BD%D0%B8%D0%BC%D0%BE%D0%BA_%D1%8D%D0%BA%D1%80%D0%B0%D0%BD%D0%B0_2022-08-16_%D0%B2_14.56.56_WAty4Ft.png HTTP/1.1" 200 288574[0m basehttp.py INFO
[07/Mar/2023 12:28:58] [m"GET /media/Events/2022/10.17/%D0%A1%D0%BD%D0%B8%D0%BC%D0%BE%D0%BA_%D1%8D%D0%BA%D1%80%D0%B0%D0%BD%D0%B0_2022-08-16_%D0%B2_14.56.39.png HTTP/1.1" 200 282542[0m basehttp.py INFO
[07/Mar/2023 12:28:58] [m"GET /media/Events/2022/10.13/%D0%A1%D0%BD%D0%B8%D0%BC%D0%BE%D0%BA_%D1%8D%D0%BA%D1%80%D0%B0%D0%BD%D0%B0_2022-08-16_%D0%B2_14.56.56_Cnp9lwP.png HTTP/1.1" 200 288574[0m basehttp.py INFO
[07/Mar/2023 12:29:00] [m"GET /detail_events/4/ HTTP/1.1" 200 15917[0m basehttp.py INFO
[07/Mar/2023 12:29:47] [m"GET /detail_events/4/ HTTP/1.1" 200 15918[0m basehttp.py INFO
[07/Mar/2023 12:29:48] [m"GET /detail_events/4/ HTTP/1.1" 200 15918[0m basehttp.py INFO
[07/Mar/2023 12:30:01,187] [33mNot Found: /favicon.ico[0m log.py WARNING
[07/Mar/2023 12:30:01] [33m"GET /favicon.ico HTTP/1.1" 404 16301[0m basehttp.py WARNING
[07/Mar/2023 12:30:09] [m"GET /detail_events/4/ HTTP/1.1" 200 15917[0m basehttp.py INFO
[07/Mar/2023 12:30:09] [m"GET /static/debug_toolbar/css/toolbar.css HTTP/1.1" 200 11815[0m basehttp.py INFO
[07/Mar/2023 12:30:09] [m"GET /static/debug_toolbar/js/toolbar.js HTTP/1.1" 200 12222[0m basehttp.py INFO
[07/Mar/2023 12:30:09] [m"GET /static/debug_toolbar/css/print.css HTTP/1.1" 200 43[0m basehttp.py INFO
[07/Mar/2023 12:30:09] [m"GET /media/Events/2022/10.13/%D0%A1%D0%BD%D0%B8%D0%BC%D0%BE%D0%BA_%D1%8D%D0%BA%D1%80%D0%B0%D0%BD%D0%B0_2022-08-16_%D0%B2_14.56.56_hYLxXrv.png HTTP/1.1" 200 288574[0m basehttp.py INFO
[07/Mar/2023 12:30:09] [m"GET /static/icon/logo.png HTTP/1.1" 200 513410[0m basehttp.py INFO
[07/Mar/2023 12:30:09] [m"GET /static/css/style.css HTTP/1.1" 200 1937[0m basehttp.py INFO
[07/Mar/2023 12:30:09] [m"GET /static/debug_toolbar/js/utils.js HTTP/1.1" 200 4479[0m basehttp.py INFO
[07/Mar/2023 12:30:11] [m"GET /detail_events/4/edit/ HTTP/1.1" 200 16163[0m basehttp.py INFO
[07/Mar/2023 12:30:13] [m"GET /detail_events/4/ HTTP/1.1" 200 15917[0m basehttp.py INFO
[07/Mar/2023 12:30:15] [m"GET / HTTP/1.1" 200 16339[0m basehttp.py INFO
[07/Mar/2023 12:30:15] [m"GET /media/Events/2022/10.13/%D0%A1%D0%BD%D0%B8%D0%BC%D0%BE%D0%BA_%D1%8D%D0%BA%D1%80%D0%B0%D0%BD%D0%B0_2022-08-16_%D0%B2_14.56.56_WAty4Ft.png HTTP/1.1" 200 288574[0m basehttp.py INFO
[07/Mar/2023 12:30:15] [m"GET /media/Events/2022/10.17/%D0%A1%D0%BD%D0%B8%D0%BC%D0%BE%D0%BA_%D1%8D%D0%BA%D1%80%D0%B0%D0%BD%D0%B0_2022-08-16_%D0%B2_14.56.39.png HTTP/1.1" 200 282542[0m basehttp.py INFO
[07/Mar/2023 12:30:15] [m"GET /media/Events/2022/10.13/%D0%A1%D0%BD%D0%B8%D0%BC%D0%BE%D0%BA_%D1%8D%D0%BA%D1%80%D0%B0%D0%BD%D0%B0_2022-08-16_%D0%B2_14.56.56_Cnp9lwP.png HTTP/1.1" 200 288574[0m basehttp.py INFO
[07/Mar/2023 12:30:17] [m"GET /detail_events/4/ HTTP/1.1" 200 15917[0m basehttp.py INFO
[07/Mar/2023 12:30:26] [m"GET / HTTP/1.1" 200 16339[0m basehttp.py INFO
[07/Mar/2023 12:30:26] [36m"GET /static/css/style.css HTTP/1.1" 304 0[0m basehttp.py INFO
[07/Mar/2023 12:30:34] [m"GET /detail_events/4/ HTTP/1.1" 200 15917[0m basehttp.py INFO
[07/Mar/2023 12:31:16,560] /Users/radix-dev/PycharmProjects/dgu/MainPartSiteDGU/MainPartSiteDGU/settings.py changed, reloading. autoreload.py INFO
